#
# There is insufficient memory for the Java Runtime Environment to continue.
# Native memory allocation (mmap) failed to map 65536 bytes. Error detail: Failed to commit metaspace.
# Possible reasons:
#   The system is out of physical RAM or swap space
#   This process is running with CompressedOops enabled, and the Java Heap may be blocking the growth of the native heap
# Possible solutions:
#   Reduce memory load on the system
#   Increase physical memory or swap space
#   Check if swap backing store is full
#   Decrease Java heap size (-Xmx/-Xms)
#   Decrease number of Java threads
#   Decrease Java thread stack sizes (-Xss)
#   Set larger code cache with -XX:ReservedCodeCacheSize=
#   JVM is running with Zero Based Compressed Oops mode in which the Java heap is
#     placed in the first 32GB address space. The Java Heap base address is the
#     maximum limit for the native heap growth. Please use -XX:HeapBaseMinAddress
#     to set the Java Heap base and to place the Java Heap above 32GB virtual address.
# This output file may be truncated or incomplete.
#
#  Out of Memory Error (virtualSpaceNode.cpp:112), pid=37856, tid=37928
#
# JRE version: OpenJDK Runtime Environment Temurin-22.0.2+9 (22.0.2+9) (build 22.0.2+9)
# Java VM: OpenJDK 64-Bit Server VM Temurin-22.0.2+9 (22.0.2+9, mixed mode, tiered, compressed oops, compressed class ptrs, g1 gc, windows-amd64)
# No core dump will be written. Minidumps are not enabled by default on client versions of Windows
#

---------------  S U M M A R Y ------------

Command Line: -Dfile.encoding=UTF-8 -Dstdout.encoding=UTF-8 -Dstderr.encoding=UTF-8 -XX:+ShowCodeDetailsInExceptionMessages javaCurso2024.Laboratorio2

Host: AMD Ryzen 7 5800H with Radeon Graphics         , 16 cores, 13G,  Windows 11 , 64 bit Build 22621 (10.0.22621.3958)
Time: Thu Sep 26 20:54:32 2024 Hora oficial do Brasil elapsed time: 1.128645 seconds (0d 0h 0m 1s)

---------------  T H R E A D  ---------------

Current thread (0x00000216948bf8d0):  JavaThread "main"             [_thread_in_vm, id=37928, stack(0x0000003a9fa00000,0x0000003a9fb00000) (1024K)]

Stack: [0x0000003a9fa00000,0x0000003a9fb00000]
Native frames: (J=compiled Java code, j=interpreted, Vv=VM code, C=native code)
V  [jvm.dll+0x6ea6a9]  (no source info available)
V  [jvm.dll+0x8cdbf3]  (no source info available)
V  [jvm.dll+0x8d001e]  (no source info available)
V  [jvm.dll+0x8d06f3]  (no source info available)
V  [jvm.dll+0x286dc6]  (no source info available)
V  [jvm.dll+0x8c998e]  (no source info available)
V  [jvm.dll+0x68c215]  (no source info available)
V  [jvm.dll+0x68c27a]  (no source info available)
V  [jvm.dll+0x68ea97]  (no source info available)
V  [jvm.dll+0x22b33c]  (no source info available)
V  [jvm.dll+0x68cc2e]  (no source info available)
V  [jvm.dll+0x696e48]  (no source info available)
V  [jvm.dll+0x21b03d]  (no source info available)
V  [jvm.dll+0x21b5ba]  (no source info available)
V  [jvm.dll+0x21bfe5]  (no source info available)
V  [jvm.dll+0x21146e]  (no source info available)
V  [jvm.dll+0x5ca68c]  (no source info available)
V  [jvm.dll+0x222aea]  (no source info available)
V  [jvm.dll+0x8438ac]  (no source info available)
V  [jvm.dll+0x844906]  (no source info available)
V  [jvm.dll+0x844f14]  (no source info available)
V  [jvm.dll+0x844b98]  (no source info available)
V  [jvm.dll+0x273fbb]  (no source info available)
V  [jvm.dll+0x3e072e]  (no source info available)
C  0x000002169f81aa27  (no source info available)

The last pc belongs to new (printed below).
Java frames: (J=compiled Java code, j=interpreted, Vv=VM code)
j  java.lang.ThreadLocal.createMap(Ljava/lang/Thread;Ljava/lang/Object;)V+1 java.base@22.0.2
j  java.lang.ThreadLocal.setInitialValue(Ljava/lang/Thread;)Ljava/lang/Object;+27 java.base@22.0.2
j  java.lang.ThreadLocal.get(Ljava/lang/Thread;)Ljava/lang/Object;+31 java.base@22.0.2
j  java.lang.ThreadLocal.get()Ljava/lang/Object;+4 java.base@22.0.2
j  jdk.internal.jimage.ImageBufferCache.releaseBuffer(Ljava/nio/ByteBuffer;)V+13 java.base@22.0.2
j  jdk.internal.jimage.BasicImageReader.getResourceBuffer(Ljdk/internal/jimage/ImageLocation;)Ljava/nio/ByteBuffer;+156 java.base@22.0.2
j  jdk.internal.jimage.ImageReader.getResourceBuffer(Ljdk/internal/jimage/ImageLocation;)Ljava/nio/ByteBuffer;+9 java.base@22.0.2
j  jdk.internal.module.SystemModuleFinders$SystemModuleReader.read(Ljava/lang/String;)Ljava/util/Optional;+14 java.base@22.0.2
j  jdk.internal.loader.BuiltinClassLoader.defineClass(Ljava/lang/String;Ljdk/internal/loader/BuiltinClassLoader$LoadedModule;)Ljava/lang/Class;+79 java.base@22.0.2
j  jdk.internal.loader.BuiltinClassLoader.findClassInModuleOrNull(Ljdk/internal/loader/BuiltinClassLoader$LoadedModule;Ljava/lang/String;)Ljava/lang/Class;+9 java.base@22.0.2
j  jdk.internal.loader.BuiltinClassLoader.findClass(Ljava/lang/String;Ljava/lang/String;)Ljava/lang/Class;+42 java.base@22.0.2
j  java.lang.ClassLoader.loadClass(Ljava/lang/Module;Ljava/lang/String;)Ljava/lang/Class;+26 java.base@22.0.2
j  java.lang.Class.forName(Ljava/lang/Module;Ljava/lang/String;Ljava/lang/Class;)Ljava/lang/Class;+77 java.base@22.0.2
j  java.lang.Class.forName(Ljava/lang/Module;Ljava/lang/String;)Ljava/lang/Class;+17 java.base@22.0.2
j  java.util.ServiceLoader.loadProvider(Ljdk/internal/module/ServicesCatalog$ServiceProvider;)Ljava/util/ServiceLoader$Provider;+38 java.base@22.0.2
j  java.util.ServiceLoader$ModuleServicesLookupIterator.hasNext()Z+79 java.base@22.0.2
j  java.util.ServiceLoader$2.hasNext()Z+4 java.base@22.0.2
j  java.util.ServiceLoader$3.hasNext()Z+32 java.base@22.0.2
j  sun.util.cldr.CLDRLocaleProviderAdapter.lambda$new$0()Lsun/util/locale/provider/LocaleDataMetaInfo;+10 java.base@22.0.2
j  sun.util.cldr.CLDRLocaleProviderAdapter$$Lambda+0x00000000a2009ac0.run()Ljava/lang/Object;+0 java.base@22.0.2
j  java.security.AccessController.executePrivileged(Ljava/security/PrivilegedExceptionAction;Ljava/security/AccessControlContext;Ljava/lang/Class;)Ljava/lang/Object;+29 java.base@22.0.2
j  java.security.AccessController.doPrivileged(Ljava/security/PrivilegedExceptionAction;)Ljava/lang/Object;+9 java.base@22.0.2
j  sun.util.cldr.CLDRLocaleProviderAdapter.<init>()V+9 java.base@22.0.2
j  java.lang.invoke.DirectMethodHandle$Holder.newInvokeSpecial(Ljava/lang/Object;)Ljava/lang/Object;+15 java.base@22.0.2
j  java.lang.invoke.Invokers$Holder.invokeExact_MT(Ljava/lang/Object;Ljava/lang/Object;)Ljava/lang/Object;+18 java.base@22.0.2
j  jdk.internal.reflect.DirectConstructorHandleAccessor.invokeImpl([Ljava/lang/Object;)Ljava/lang/Object;+40 java.base@22.0.2
j  jdk.internal.reflect.DirectConstructorHandleAccessor.newInstance([Ljava/lang/Object;)Ljava/lang/Object;+60 java.base@22.0.2
j  java.lang.reflect.Constructor.newInstanceWithCaller([Ljava/lang/Object;ZLjava/lang/Class;)Ljava/lang/Object;+41 java.base@22.0.2
j  java.lang.reflect.Constructor.newInstance([Ljava/lang/Object;)Ljava/lang/Object;+30 java.base@22.0.2
j  sun.util.locale.provider.LocaleProviderAdapter.forType(Lsun/util/locale/provider/LocaleProviderAdapter$Type;)Lsun/util/locale/provider/LocaleProviderAdapter;+75 java.base@22.0.2
j  sun.util.locale.provider.LocaleProviderAdapter.findAdapter(Ljava/lang/Class;Ljava/util/Locale;)Lsun/util/locale/provider/LocaleProviderAdapter;+29 java.base@22.0.2
j  sun.util.locale.provider.LocaleProviderAdapter.getAdapter(Ljava/lang/Class;Ljava/util/Locale;)Lsun/util/locale/provider/LocaleProviderAdapter;+55 java.base@22.0.2
j  java.text.NumberFormat.getInstance(Ljava/util/Locale;Ljava/text/NumberFormat$Style;I)Ljava/text/NumberFormat;+3 java.base@22.0.2
j  java.text.NumberFormat.getNumberInstance(Ljava/util/Locale;)Ljava/text/NumberFormat;+3 java.base@22.0.2
j  java.util.Scanner.useLocale(Ljava/util/Locale;)Ljava/util/Scanner;+31 java.base@22.0.2
j  java.util.Scanner.<init>(Ljava/lang/Readable;Ljava/util/regex/Pattern;)V+226 java.base@22.0.2
j  java.util.Scanner.<init>(Ljava/io/InputStream;)V+12 java.base@22.0.2
j  javaCurso2024.Laboratorio2.main([Ljava/lang/String;)V+7
v  ~StubRoutines::call_stub 0x000002169f80100d
new  187 new  [0x000002169f81a8a0, 0x000002169f81aa98]  504 bytes
[MachCode]
  0x000002169f81a8a0: 4883 ec08 | c5fa 1104 | 24eb 1f48 | 83ec 10c5 | fb11 0424 | eb14 4883 | ec10 4889 | 0424 48c7 
  0x000002169f81a8c0: 4424 0800 | 0000 00eb | 0150 410f | b755 010f | cac1 ea10 | 488b 4de8 | 488b 4908 | 488b 4908 
  0x000002169f81a8e0: 488b 4108 | 807c 1004 | 070f 85c6 | 0000 0066 | 8b54 d148 | 488b 4928 | 488b 4cd1 | 0851 80b9 
  0x000002169f81a900: 2001 0000 | 050f 85a9 | 0000 008b | 5108 f6c2 | 010f 859d | 0000 0049 | 8b87 b801 | 0000 488d 
  0x000002169f81a920: 1c10 493b | 9fc8 0100 | 000f 8785 | 0000 0049 | 899f b801 | 0000 4883 | ea10 0f84 | 0f00 0000 
  0x000002169f81a940: 33c9 c1ea | 0348 894c | d008 48ff | ca75 f648 | c700 0100 | 0000 5933 | f689 700c | 8948 0849 
  0x000002169f81a960: ba4d 8479 | 3cff 7f00 | 0041 803a | 000f 843c | 0000 0050 | 488b c848 | 83ec 2040 | f6c4 0f0f 
  0x000002169f81a980: 8419 0000 | 0048 83ec | 0848 b890 | 4623 3cff | 7f00 00ff | d048 83c4 | 08e9 0c00 | 0000 48b8 
  0x000002169f81a9a0: 9046 233c | ff7f 0000 | ffd0 4883 | c420 58e9 | cb00 0000 | 5948 8b55 | e848 8b52 | 0848 8b52 
  0x000002169f81a9c0: 0845 0fb7 | 4501 410f | c841 c1e8 | 10e8 0500 | 0000 e9a8 | 0000 0048 | 8d44 2408 | 4c89 6dc0 
  0x000002169f81a9e0: 498b cfc5 | f877 4989 | afb0 0300 | 0049 8987 | a003 0000 | 4883 ec20 | 40f6 c40f | 0f84 1900 
  0x000002169f81aa00: 0000 4883 | ec08 48b8 | e006 ec3b | ff7f 0000 | ffd0 4883 | c408 e90c | 0000 0048 | b8e0 06ec 
  0x000002169f81aa20: 3bff 7f00 | 00ff d048 | 83c4 2049 | c787 a003 | 0000 0000 | 0000 49c7 | 87b0 0300 | 0000 0000 
  0x000002169f81aa40: 0049 c787 | a803 0000 | 0000 0000 | c5f8 7749 | 837f 0800 | 0f84 0500 | 0000 e9a1 | 64fe ff49 
  0x000002169f81aa60: 8b87 f803 | 0000 49c7 | 87f8 0300 | 0000 0000 | 004c 8b6d | c04c 8b75 | c84e 8d74 | f500 c341 
  0x000002169f81aa80: 0fb6 5d03 | 4983 c503 | 49ba b04d | 7d3c ff7f | 0000 41ff | 24da 6690 
[/MachCode]

---------------  P R O C E S S  ---------------

Threads class SMR info:
_java_thread_list=0x00000216af373100, length=12, elements={
0x00000216948bf8d0, 0x00000216af1d6ed0, 0x00000216af1d9550, 0x00000216af1e2620,
0x00000216af200d50, 0x00000216af2017b0, 0x00000216af1f2430, 0x00000216af1f4ea0,
0x00000216af26c700, 0x00000216af38aaa0, 0x00000216af3979c0, 0x00000216af39e860
}

Java Threads: ( => current thread )
=>0x00000216948bf8d0 JavaThread "main"                              [_thread_in_vm, id=37928, stack(0x0000003a9fa00000,0x0000003a9fb00000) (1024K)]
  0x00000216af1d6ed0 JavaThread "Reference Handler"          daemon [_thread_blocked, id=39856, stack(0x0000003aa0200000,0x0000003aa0300000) (1024K)]
  0x00000216af1d9550 JavaThread "Finalizer"                  daemon [_thread_blocked, id=39864, stack(0x0000003aa0300000,0x0000003aa0400000) (1024K)]
  0x00000216af1e2620 JavaThread "Signal Dispatcher"          daemon [_thread_blocked, id=39872, stack(0x0000003aa0400000,0x0000003aa0500000) (1024K)]
  0x00000216af200d50 JavaThread "Attach Listener"            daemon [_thread_blocked, id=39880, stack(0x0000003aa0500000,0x0000003aa0600000) (1024K)]
  0x00000216af2017b0 JavaThread "Service Thread"             daemon [_thread_blocked, id=39884, stack(0x0000003aa0600000,0x0000003aa0700000) (1024K)]
  0x00000216af1f2430 JavaThread "Monitor Deflation Thread"   daemon [_thread_blocked, id=39896, stack(0x0000003aa0700000,0x0000003aa0800000) (1024K)]
  0x00000216af1f4ea0 JavaThread "C2 CompilerThread0"         daemon [_thread_blocked, id=39900, stack(0x0000003aa0800000,0x0000003aa0900000) (1024K)]
  0x00000216af26c700 JavaThread "C1 CompilerThread0"         daemon [_thread_blocked, id=26248, stack(0x0000003aa0900000,0x0000003aa0a00000) (1024K)]
  0x00000216af38aaa0 JavaThread "C1 CompilerThread1"         daemon [_thread_blocked, id=20436, stack(0x0000003aa0a00000,0x0000003aa0b00000) (1024K)]
  0x00000216af3979c0 JavaThread "Notification Thread"        daemon [_thread_blocked, id=27108, stack(0x0000003aa0b00000,0x0000003aa0c00000) (1024K)]
  0x00000216af39e860 JavaThread "Common-Cleaner"             daemon [_thread_blocked, id=39388, stack(0x0000003aa0c00000,0x0000003aa0d00000) (1024K)]
Total: 12

Other Threads:
  0x00000216af13da60 VMThread "VM Thread"                           [id=39140, stack(0x0000003aa0100000,0x0000003aa0200000) (1024K)]
  0x00000216af0ed250 WatcherThread "VM Periodic Task Thread"        [id=38516, stack(0x0000003aa0000000,0x0000003aa0100000) (1024K)]
  0x000002169491c1e0 WorkerThread "GC Thread#0"                     [id=38444, stack(0x0000003a9fb00000,0x0000003a9fc00000) (1024K)]
  0x000002169492b8e0 ConcurrentGCThread "G1 Main Marker"            [id=38448, stack(0x0000003a9fc00000,0x0000003a9fd00000) (1024K)]
  0x000002169492c3f0 WorkerThread "G1 Conc#0"                       [id=38452, stack(0x0000003a9fd00000,0x0000003a9fe00000) (1024K)]
  0x000002169497e020 ConcurrentGCThread "G1 Refine#0"               [id=38456, stack(0x0000003a9fe00000,0x0000003a9ff00000) (1024K)]
  0x000002169497eba0 ConcurrentGCThread "G1 Service"                [id=38460, stack(0x0000003a9ff00000,0x0000003aa0000000) (1024K)]
Total: 7

Threads with active compile tasks:
Total: 0

VM state: not at safepoint (normal execution)

VM Mutex/Monitor currently owned by a thread:  ([mutex/lock_event])
[0x00007fff3c7bef00] Metaspace_lock - owner thread: 0x00000216948bf8d0

Heap address: 0x0000000722400000, size: 3548 MB, Compressed Oops mode: Zero based, Oop shift amount: 3

CDS archive(s) not mapped
Compressed class space mapped at: 0x00000000a2000000-0x00000000e2000000, reserved size: 1073741824
Narrow klass base: 0x0000000000000000, Narrow klass shift: 0, Narrow klass range: 0xe2000000

GC Precious Log:
 CardTable entry size: 512
 Card Set container configuration: InlinePtr #cards 4 size 8 Array Of Cards #cards 16 size 48 Howl #buckets 8 coarsen threshold 3686 Howl Bitmap #cards 512 size 80 coarsen threshold 460 Card regions per heap region 1 cards per card region 4096
 CPUs: 16 total, 16 available
 Memory: 14188M
 Large Page Support: Disabled
 NUMA Support: Disabled
 Compressed Oops: Enabled (Zero based)
 Heap Region Size: 2M
 Heap Min Capacity: 8M
 Heap Initial Capacity: 222M
 Heap Max Capacity: 3548M
 Pre-touch: Disabled
 Parallel Workers: 13
 Concurrent Workers: 3
 Concurrent Refinement Workers: 13
 Periodic GC: Disabled

Heap:
 garbage-first heap   total reserved 3633152K, committed 227328K, used 2048K [0x0000000722400000, 0x0000000800000000)
  region size 2048K, 2 young (4096K), 0 survivors (0K)
 Metaspace       used 6266K, committed 6336K, reserved 1114112K
  class space    used 503K, committed 512K, reserved 1048576K

Heap Regions: E=young(eden), S=young(survivor), O=old, HS=humongous(starts), HC=humongous(continues), CS=collection set, F=free, TAMS=top-at-mark-start, PB=parsable bottom
|   0|0x0000000722400000, 0x0000000722400000, 0x0000000722600000|  0%| F|  |TAMS 0x0000000722400000| PB 0x0000000722400000| Untracked |  0
|   1|0x0000000722600000, 0x0000000722600000, 0x0000000722800000|  0%| F|  |TAMS 0x0000000722600000| PB 0x0000000722600000| Untracked |  0
|   2|0x0000000722800000, 0x0000000722800000, 0x0000000722a00000|  0%| F|  |TAMS 0x0000000722800000| PB 0x0000000722800000| Untracked |  0
|   3|0x0000000722a00000, 0x0000000722a00000, 0x0000000722c00000|  0%| F|  |TAMS 0x0000000722a00000| PB 0x0000000722a00000| Untracked |  0
|   4|0x0000000722c00000, 0x0000000722c00000, 0x0000000722e00000|  0%| F|  |TAMS 0x0000000722c00000| PB 0x0000000722c00000| Untracked |  0
|   5|0x0000000722e00000, 0x0000000722e00000, 0x0000000723000000|  0%| F|  |TAMS 0x0000000722e00000| PB 0x0000000722e00000| Untracked |  0
|   6|0x0000000723000000, 0x0000000723000000, 0x0000000723200000|  0%| F|  |TAMS 0x0000000723000000| PB 0x0000000723000000| Untracked |  0
|   7|0x0000000723200000, 0x0000000723200000, 0x0000000723400000|  0%| F|  |TAMS 0x0000000723200000| PB 0x0000000723200000| Untracked |  0
|   8|0x0000000723400000, 0x0000000723400000, 0x0000000723600000|  0%| F|  |TAMS 0x0000000723400000| PB 0x0000000723400000| Untracked |  0
|   9|0x0000000723600000, 0x0000000723600000, 0x0000000723800000|  0%| F|  |TAMS 0x0000000723600000| PB 0x0000000723600000| Untracked |  0
|  10|0x0000000723800000, 0x0000000723800000, 0x0000000723a00000|  0%| F|  |TAMS 0x0000000723800000| PB 0x0000000723800000| Untracked |  0
|  11|0x0000000723a00000, 0x0000000723a00000, 0x0000000723c00000|  0%| F|  |TAMS 0x0000000723a00000| PB 0x0000000723a00000| Untracked |  0
|  12|0x0000000723c00000, 0x0000000723c00000, 0x0000000723e00000|  0%| F|  |TAMS 0x0000000723c00000| PB 0x0000000723c00000| Untracked |  0
|  13|0x0000000723e00000, 0x0000000723e00000, 0x0000000724000000|  0%| F|  |TAMS 0x0000000723e00000| PB 0x0000000723e00000| Untracked |  0
|  14|0x0000000724000000, 0x0000000724000000, 0x0000000724200000|  0%| F|  |TAMS 0x0000000724000000| PB 0x0000000724000000| Untracked |  0
|  15|0x0000000724200000, 0x0000000724200000, 0x0000000724400000|  0%| F|  |TAMS 0x0000000724200000| PB 0x0000000724200000| Untracked |  0
|  16|0x0000000724400000, 0x0000000724400000, 0x0000000724600000|  0%| F|  |TAMS 0x0000000724400000| PB 0x0000000724400000| Untracked |  0
|  17|0x0000000724600000, 0x0000000724600000, 0x0000000724800000|  0%| F|  |TAMS 0x0000000724600000| PB 0x0000000724600000| Untracked |  0
|  18|0x0000000724800000, 0x0000000724800000, 0x0000000724a00000|  0%| F|  |TAMS 0x0000000724800000| PB 0x0000000724800000| Untracked |  0
|  19|0x0000000724a00000, 0x0000000724a00000, 0x0000000724c00000|  0%| F|  |TAMS 0x0000000724a00000| PB 0x0000000724a00000| Untracked |  0
|  20|0x0000000724c00000, 0x0000000724c00000, 0x0000000724e00000|  0%| F|  |TAMS 0x0000000724c00000| PB 0x0000000724c00000| Untracked |  0
|  21|0x0000000724e00000, 0x0000000724e00000, 0x0000000725000000|  0%| F|  |TAMS 0x0000000724e00000| PB 0x0000000724e00000| Untracked |  0
|  22|0x0000000725000000, 0x0000000725000000, 0x0000000725200000|  0%| F|  |TAMS 0x0000000725000000| PB 0x0000000725000000| Untracked |  0
|  23|0x0000000725200000, 0x0000000725200000, 0x0000000725400000|  0%| F|  |TAMS 0x0000000725200000| PB 0x0000000725200000| Untracked |  0
|  24|0x0000000725400000, 0x0000000725400000, 0x0000000725600000|  0%| F|  |TAMS 0x0000000725400000| PB 0x0000000725400000| Untracked |  0
|  25|0x0000000725600000, 0x0000000725600000, 0x0000000725800000|  0%| F|  |TAMS 0x0000000725600000| PB 0x0000000725600000| Untracked |  0
|  26|0x0000000725800000, 0x0000000725800000, 0x0000000725a00000|  0%| F|  |TAMS 0x0000000725800000| PB 0x0000000725800000| Untracked |  0
|  27|0x0000000725a00000, 0x0000000725a00000, 0x0000000725c00000|  0%| F|  |TAMS 0x0000000725a00000| PB 0x0000000725a00000| Untracked |  0
|  28|0x0000000725c00000, 0x0000000725c00000, 0x0000000725e00000|  0%| F|  |TAMS 0x0000000725c00000| PB 0x0000000725c00000| Untracked |  0
|  29|0x0000000725e00000, 0x0000000725e00000, 0x0000000726000000|  0%| F|  |TAMS 0x0000000725e00000| PB 0x0000000725e00000| Untracked |  0
|  30|0x0000000726000000, 0x0000000726000000, 0x0000000726200000|  0%| F|  |TAMS 0x0000000726000000| PB 0x0000000726000000| Untracked |  0
|  31|0x0000000726200000, 0x0000000726200000, 0x0000000726400000|  0%| F|  |TAMS 0x0000000726200000| PB 0x0000000726200000| Untracked |  0
|  32|0x0000000726400000, 0x0000000726400000, 0x0000000726600000|  0%| F|  |TAMS 0x0000000726400000| PB 0x0000000726400000| Untracked |  0
|  33|0x0000000726600000, 0x0000000726600000, 0x0000000726800000|  0%| F|  |TAMS 0x0000000726600000| PB 0x0000000726600000| Untracked |  0
|  34|0x0000000726800000, 0x0000000726800000, 0x0000000726a00000|  0%| F|  |TAMS 0x0000000726800000| PB 0x0000000726800000| Untracked |  0
|  35|0x0000000726a00000, 0x0000000726a00000, 0x0000000726c00000|  0%| F|  |TAMS 0x0000000726a00000| PB 0x0000000726a00000| Untracked |  0
|  36|0x0000000726c00000, 0x0000000726c00000, 0x0000000726e00000|  0%| F|  |TAMS 0x0000000726c00000| PB 0x0000000726c00000| Untracked |  0
|  37|0x0000000726e00000, 0x0000000726e00000, 0x0000000727000000|  0%| F|  |TAMS 0x0000000726e00000| PB 0x0000000726e00000| Untracked |  0
|  38|0x0000000727000000, 0x0000000727000000, 0x0000000727200000|  0%| F|  |TAMS 0x0000000727000000| PB 0x0000000727000000| Untracked |  0
|  39|0x0000000727200000, 0x0000000727200000, 0x0000000727400000|  0%| F|  |TAMS 0x0000000727200000| PB 0x0000000727200000| Untracked |  0
|  40|0x0000000727400000, 0x0000000727400000, 0x0000000727600000|  0%| F|  |TAMS 0x0000000727400000| PB 0x0000000727400000| Untracked |  0
|  41|0x0000000727600000, 0x0000000727600000, 0x0000000727800000|  0%| F|  |TAMS 0x0000000727600000| PB 0x0000000727600000| Untracked |  0
|  42|0x0000000727800000, 0x0000000727800000, 0x0000000727a00000|  0%| F|  |TAMS 0x0000000727800000| PB 0x0000000727800000| Untracked |  0
|  43|0x0000000727a00000, 0x0000000727a00000, 0x0000000727c00000|  0%| F|  |TAMS 0x0000000727a00000| PB 0x0000000727a00000| Untracked |  0
|  44|0x0000000727c00000, 0x0000000727c00000, 0x0000000727e00000|  0%| F|  |TAMS 0x0000000727c00000| PB 0x0000000727c00000| Untracked |  0
|  45|0x0000000727e00000, 0x0000000727e00000, 0x0000000728000000|  0%| F|  |TAMS 0x0000000727e00000| PB 0x0000000727e00000| Untracked |  0
|  46|0x0000000728000000, 0x0000000728000000, 0x0000000728200000|  0%| F|  |TAMS 0x0000000728000000| PB 0x0000000728000000| Untracked |  0
|  47|0x0000000728200000, 0x0000000728200000, 0x0000000728400000|  0%| F|  |TAMS 0x0000000728200000| PB 0x0000000728200000| Untracked |  0
|  48|0x0000000728400000, 0x0000000728400000, 0x0000000728600000|  0%| F|  |TAMS 0x0000000728400000| PB 0x0000000728400000| Untracked |  0
|  49|0x0000000728600000, 0x0000000728600000, 0x0000000728800000|  0%| F|  |TAMS 0x0000000728600000| PB 0x0000000728600000| Untracked |  0
|  50|0x0000000728800000, 0x0000000728800000, 0x0000000728a00000|  0%| F|  |TAMS 0x0000000728800000| PB 0x0000000728800000| Untracked |  0
|  51|0x0000000728a00000, 0x0000000728a00000, 0x0000000728c00000|  0%| F|  |TAMS 0x0000000728a00000| PB 0x0000000728a00000| Untracked |  0
|  52|0x0000000728c00000, 0x0000000728c00000, 0x0000000728e00000|  0%| F|  |TAMS 0x0000000728c00000| PB 0x0000000728c00000| Untracked |  0
|  53|0x0000000728e00000, 0x0000000728e00000, 0x0000000729000000|  0%| F|  |TAMS 0x0000000728e00000| PB 0x0000000728e00000| Untracked |  0
|  54|0x0000000729000000, 0x0000000729000000, 0x0000000729200000|  0%| F|  |TAMS 0x0000000729000000| PB 0x0000000729000000| Untracked |  0
|  55|0x0000000729200000, 0x0000000729200000, 0x0000000729400000|  0%| F|  |TAMS 0x0000000729200000| PB 0x0000000729200000| Untracked |  0
|  56|0x0000000729400000, 0x0000000729400000, 0x0000000729600000|  0%| F|  |TAMS 0x0000000729400000| PB 0x0000000729400000| Untracked |  0
|  57|0x0000000729600000, 0x0000000729600000, 0x0000000729800000|  0%| F|  |TAMS 0x0000000729600000| PB 0x0000000729600000| Untracked |  0
|  58|0x0000000729800000, 0x0000000729800000, 0x0000000729a00000|  0%| F|  |TAMS 0x0000000729800000| PB 0x0000000729800000| Untracked |  0
|  59|0x0000000729a00000, 0x0000000729a00000, 0x0000000729c00000|  0%| F|  |TAMS 0x0000000729a00000| PB 0x0000000729a00000| Untracked |  0
|  60|0x0000000729c00000, 0x0000000729c00000, 0x0000000729e00000|  0%| F|  |TAMS 0x0000000729c00000| PB 0x0000000729c00000| Untracked |  0
|  61|0x0000000729e00000, 0x0000000729e00000, 0x000000072a000000|  0%| F|  |TAMS 0x0000000729e00000| PB 0x0000000729e00000| Untracked |  0
|  62|0x000000072a000000, 0x000000072a000000, 0x000000072a200000|  0%| F|  |TAMS 0x000000072a000000| PB 0x000000072a000000| Untracked |  0
|  63|0x000000072a200000, 0x000000072a200000, 0x000000072a400000|  0%| F|  |TAMS 0x000000072a200000| PB 0x000000072a200000| Untracked |  0
|  64|0x000000072a400000, 0x000000072a400000, 0x000000072a600000|  0%| F|  |TAMS 0x000000072a400000| PB 0x000000072a400000| Untracked |  0
|  65|0x000000072a600000, 0x000000072a600000, 0x000000072a800000|  0%| F|  |TAMS 0x000000072a600000| PB 0x000000072a600000| Untracked |  0
|  66|0x000000072a800000, 0x000000072a800000, 0x000000072aa00000|  0%| F|  |TAMS 0x000000072a800000| PB 0x000000072a800000| Untracked |  0
|  67|0x000000072aa00000, 0x000000072aa00000, 0x000000072ac00000|  0%| F|  |TAMS 0x000000072aa00000| PB 0x000000072aa00000| Untracked |  0
|  68|0x000000072ac00000, 0x000000072ac00000, 0x000000072ae00000|  0%| F|  |TAMS 0x000000072ac00000| PB 0x000000072ac00000| Untracked |  0
|  69|0x000000072ae00000, 0x000000072ae00000, 0x000000072b000000|  0%| F|  |TAMS 0x000000072ae00000| PB 0x000000072ae00000| Untracked |  0
|  70|0x000000072b000000, 0x000000072b000000, 0x000000072b200000|  0%| F|  |TAMS 0x000000072b000000| PB 0x000000072b000000| Untracked |  0
|  71|0x000000072b200000, 0x000000072b200000, 0x000000072b400000|  0%| F|  |TAMS 0x000000072b200000| PB 0x000000072b200000| Untracked |  0
|  72|0x000000072b400000, 0x000000072b400000, 0x000000072b600000|  0%| F|  |TAMS 0x000000072b400000| PB 0x000000072b400000| Untracked |  0
|  73|0x000000072b600000, 0x000000072b600000, 0x000000072b800000|  0%| F|  |TAMS 0x000000072b600000| PB 0x000000072b600000| Untracked |  0
|  74|0x000000072b800000, 0x000000072b800000, 0x000000072ba00000|  0%| F|  |TAMS 0x000000072b800000| PB 0x000000072b800000| Untracked |  0
|  75|0x000000072ba00000, 0x000000072ba00000, 0x000000072bc00000|  0%| F|  |TAMS 0x000000072ba00000| PB 0x000000072ba00000| Untracked |  0
|  76|0x000000072bc00000, 0x000000072bc00000, 0x000000072be00000|  0%| F|  |TAMS 0x000000072bc00000| PB 0x000000072bc00000| Untracked |  0
|  77|0x000000072be00000, 0x000000072be00000, 0x000000072c000000|  0%| F|  |TAMS 0x000000072be00000| PB 0x000000072be00000| Untracked |  0
|  78|0x000000072c000000, 0x000000072c000000, 0x000000072c200000|  0%| F|  |TAMS 0x000000072c000000| PB 0x000000072c000000| Untracked |  0
|  79|0x000000072c200000, 0x000000072c200000, 0x000000072c400000|  0%| F|  |TAMS 0x000000072c200000| PB 0x000000072c200000| Untracked |  0
|  80|0x000000072c400000, 0x000000072c400000, 0x000000072c600000|  0%| F|  |TAMS 0x000000072c400000| PB 0x000000072c400000| Untracked |  0
|  81|0x000000072c600000, 0x000000072c600000, 0x000000072c800000|  0%| F|  |TAMS 0x000000072c600000| PB 0x000000072c600000| Untracked |  0
|  82|0x000000072c800000, 0x000000072c800000, 0x000000072ca00000|  0%| F|  |TAMS 0x000000072c800000| PB 0x000000072c800000| Untracked |  0
|  83|0x000000072ca00000, 0x000000072ca00000, 0x000000072cc00000|  0%| F|  |TAMS 0x000000072ca00000| PB 0x000000072ca00000| Untracked |  0
|  84|0x000000072cc00000, 0x000000072cc00000, 0x000000072ce00000|  0%| F|  |TAMS 0x000000072cc00000| PB 0x000000072cc00000| Untracked |  0
|  85|0x000000072ce00000, 0x000000072ce00000, 0x000000072d000000|  0%| F|  |TAMS 0x000000072ce00000| PB 0x000000072ce00000| Untracked |  0
|  86|0x000000072d000000, 0x000000072d000000, 0x000000072d200000|  0%| F|  |TAMS 0x000000072d000000| PB 0x000000072d000000| Untracked |  0
|  87|0x000000072d200000, 0x000000072d200000, 0x000000072d400000|  0%| F|  |TAMS 0x000000072d200000| PB 0x000000072d200000| Untracked |  0
|  88|0x000000072d400000, 0x000000072d400000, 0x000000072d600000|  0%| F|  |TAMS 0x000000072d400000| PB 0x000000072d400000| Untracked |  0
|  89|0x000000072d600000, 0x000000072d600000, 0x000000072d800000|  0%| F|  |TAMS 0x000000072d600000| PB 0x000000072d600000| Untracked |  0
|  90|0x000000072d800000, 0x000000072d800000, 0x000000072da00000|  0%| F|  |TAMS 0x000000072d800000| PB 0x000000072d800000| Untracked |  0
|  91|0x000000072da00000, 0x000000072da00000, 0x000000072dc00000|  0%| F|  |TAMS 0x000000072da00000| PB 0x000000072da00000| Untracked |  0
|  92|0x000000072dc00000, 0x000000072dc00000, 0x000000072de00000|  0%| F|  |TAMS 0x000000072dc00000| PB 0x000000072dc00000| Untracked |  0
|  93|0x000000072de00000, 0x000000072de00000, 0x000000072e000000|  0%| F|  |TAMS 0x000000072de00000| PB 0x000000072de00000| Untracked |  0
|  94|0x000000072e000000, 0x000000072e000000, 0x000000072e200000|  0%| F|  |TAMS 0x000000072e000000| PB 0x000000072e000000| Untracked |  0
|  95|0x000000072e200000, 0x000000072e200000, 0x000000072e400000|  0%| F|  |TAMS 0x000000072e200000| PB 0x000000072e200000| Untracked |  0
|  96|0x000000072e400000, 0x000000072e400000, 0x000000072e600000|  0%| F|  |TAMS 0x000000072e400000| PB 0x000000072e400000| Untracked |  0
|  97|0x000000072e600000, 0x000000072e600000, 0x000000072e800000|  0%| F|  |TAMS 0x000000072e600000| PB 0x000000072e600000| Untracked |  0
|  98|0x000000072e800000, 0x000000072e800000, 0x000000072ea00000|  0%| F|  |TAMS 0x000000072e800000| PB 0x000000072e800000| Untracked |  0
|  99|0x000000072ea00000, 0x000000072ea00000, 0x000000072ec00000|  0%| F|  |TAMS 0x000000072ea00000| PB 0x000000072ea00000| Untracked |  0
| 100|0x000000072ec00000, 0x000000072ec00000, 0x000000072ee00000|  0%| F|  |TAMS 0x000000072ec00000| PB 0x000000072ec00000| Untracked |  0
| 101|0x000000072ee00000, 0x000000072ee00000, 0x000000072f000000|  0%| F|  |TAMS 0x000000072ee00000| PB 0x000000072ee00000| Untracked |  0
| 102|0x000000072f000000, 0x000000072f000000, 0x000000072f200000|  0%| F|  |TAMS 0x000000072f000000| PB 0x000000072f000000| Untracked |  0
| 103|0x000000072f200000, 0x000000072f200000, 0x000000072f400000|  0%| F|  |TAMS 0x000000072f200000| PB 0x000000072f200000| Untracked |  0
| 104|0x000000072f400000, 0x000000072f400000, 0x000000072f600000|  0%| F|  |TAMS 0x000000072f400000| PB 0x000000072f400000| Untracked |  0
| 105|0x000000072f600000, 0x000000072f600000, 0x000000072f800000|  0%| F|  |TAMS 0x000000072f600000| PB 0x000000072f600000| Untracked |  0
| 106|0x000000072f800000, 0x000000072f800000, 0x000000072fa00000|  0%| F|  |TAMS 0x000000072f800000| PB 0x000000072f800000| Untracked |  0
| 107|0x000000072fa00000, 0x000000072fa00000, 0x000000072fc00000|  0%| F|  |TAMS 0x000000072fa00000| PB 0x000000072fa00000| Untracked |  0
| 108|0x000000072fc00000, 0x000000072fc00000, 0x000000072fe00000|  0%| F|  |TAMS 0x000000072fc00000| PB 0x000000072fc00000| Untracked |  0
| 109|0x000000072fe00000, 0x000000072fef5d00, 0x0000000730000000| 48%| E|  |TAMS 0x000000072fe00000| PB 0x000000072fe00000| Complete |  0
| 110|0x0000000730000000, 0x0000000730200000, 0x0000000730200000|100%| E|CS|TAMS 0x0000000730000000| PB 0x0000000730000000| Complete |  0

Card table byte_map: [0x00000216a8330000,0x00000216a8a20000] _byte_map_base: 0x00000216a4a1e000

Marking Bits: (CMBitMap*) 0x000002169491c8f0
 Bits: [0x00000216a8a20000, 0x00000216ac190000)

Polling page: 0x0000021692810000

Metaspace:

Usage:
  Non-class:      5.63 MB used.
      Class:    503.24 KB used.
       Both:      6.12 MB used.

Virtual space:
  Non-class space:       64.00 MB reserved,       5.69 MB (  9%) committed,  1 nodes.
      Class space:        1.00 GB reserved,     512.00 KB ( <1%) committed,  1 nodes.
             Both:        1.06 GB reserved,       6.19 MB ( <1%) committed. 

Chunk freelists:
   Non-Class:  10.24 MB
       Class:  15.50 MB
        Both:  25.75 MB

MaxMetaspaceSize: unlimited
CompressedClassSpaceSize: 1.00 GB
Initial GC threshold: 21.00 MB
Current GC threshold: 21.00 MB
CDS: off
 - commit_granule_bytes: 65536.
 - commit_granule_words: 8192.
 - virtual_space_node_default_size: 8388608.
 - enlarge_chunks_in_place: 1.
 - use_allocation_guard: 0.


Internal statistics:

num_allocs_failed_limit: 0.
num_arena_births: 6.
num_arena_deaths: 0.
num_vsnodes_births: 2.
num_vsnodes_deaths: 0.
num_space_committed: 99.
num_space_uncommitted: 0.
num_chunks_returned_to_freelist: 0.
num_chunks_taken_from_freelist: 15.
num_chunk_merges: 0.
num_chunk_splits: 4.
num_chunks_enlarged: 1.
num_inconsistent_stats: 0.

CodeHeap 'non-profiled nmethods': size=119168Kb used=42Kb max_used=42Kb free=119125Kb
 bounds [0x000002169ff50000, 0x00000216a01c0000, 0x00000216a73b0000]
CodeHeap 'profiled nmethods': size=119104Kb used=144Kb max_used=144Kb free=118960Kb
 bounds [0x00000216983b0000, 0x0000021698620000, 0x000002169f800000]
CodeHeap 'non-nmethods': size=7488Kb used=1822Kb max_used=1828Kb free=5665Kb
 bounds [0x000002169f800000, 0x000002169fa70000, 0x000002169ff50000]
 total_blobs=520 nmethods=141 adapters=283
 compilation: enabled
              stopped_count=0, restarted_count=0
 full_count=0

Compilation events (20 events):
Event: 1.113 Thread 0x00000216af38aaa0  132       3       jdk.internal.org.objectweb.asm.SymbolTable::get (13 bytes)
Event: 1.114 Thread 0x00000216af38aaa0 nmethod 132 0x00000216983d1490 code [0x00000216983d1620, 0x00000216983d1780]
Event: 1.115 Thread 0x00000216af38aaa0  133       3       java.lang.StringLatin1::indexOfChar (33 bytes)
Event: 1.115 Thread 0x00000216af38aaa0 nmethod 133 0x00000216983d1890 code [0x00000216983d1a40, 0x00000216983d1c60]
Event: 1.118 Thread 0x00000216af38aaa0  134       3       java.lang.Math::max (11 bytes)
Event: 1.118 Thread 0x00000216af38aaa0 nmethod 134 0x00000216983d1d90 code [0x00000216983d1f20, 0x00000216983d2058]
Event: 1.118 Thread 0x00000216af38aaa0  135       3       java.lang.StringBuilder::length (5 bytes)
Event: 1.118 Thread 0x00000216af38aaa0 nmethod 135 0x00000216983d2110 code [0x00000216983d22a0, 0x00000216983d23c0]
Event: 1.119 Thread 0x00000216af38aaa0  136       3       java.lang.StringLatin1::canEncode (17 bytes)
Event: 1.119 Thread 0x00000216af26c700  137       3       java.lang.String::indexOf (37 bytes)
Event: 1.119 Thread 0x00000216af1f4ea0  140       4       java.lang.String::isLatin1 (19 bytes)
Event: 1.119 Thread 0x00000216af38aaa0 nmethod 136 0x00000216983d2490 code [0x00000216983d2620, 0x00000216983d2790]
Event: 1.119 Thread 0x00000216af38aaa0  138       3       java.lang.StringLatin1::indexOf (37 bytes)
Event: 1.120 Thread 0x00000216af26c700 nmethod 137 0x00000216983d2810 code [0x00000216983d2a00, 0x00000216983d2e88]
Event: 1.120 Thread 0x00000216af26c700  139       3       java.lang.String::indexOf (7 bytes)
Event: 1.120 Thread 0x00000216af38aaa0 nmethod 138 0x00000216983d3090 code [0x00000216983d3280, 0x00000216983d37a8]
Event: 1.120 Thread 0x00000216af1f4ea0 nmethod 140 0x000002169ff5a810 code [0x000002169ff5a980, 0x000002169ff5aa00]
Event: 1.120 Thread 0x00000216af26c700 nmethod 139 0x00000216983d3990 code [0x00000216983d3b40, 0x00000216983d3c80]
Event: 1.126 Thread 0x00000216af26c700  141       3       java.lang.ref.Reference::reachabilityFence (1 bytes)
Event: 1.126 Thread 0x00000216af26c700 nmethod 141 0x00000216983d3d10 code [0x00000216983d3ea0, 0x00000216983d3f88]

GC Heap History (0 events):
No events

Dll operation events (3 events):
Event: 0.020 Loaded shared library C:\Users\Noite\.p2\pool\plugins\org.eclipse.justj.openjdk.hotspot.jre.full.win32.x86_64_22.0.2.v20240802-1626\jre\bin\java.dll
Event: 0.084 Loaded shared library C:\Users\Noite\.p2\pool\plugins\org.eclipse.justj.openjdk.hotspot.jre.full.win32.x86_64_22.0.2.v20240802-1626\jre\bin\zip.dll
Event: 1.123 Loaded shared library C:\Users\Noite\.p2\pool\plugins\org.eclipse.justj.openjdk.hotspot.jre.full.win32.x86_64_22.0.2.v20240802-1626\jre\bin\jimage.dll

Deoptimization events (0 events):
No events

Classes loaded (20 events):
Event: 1.125 Loading class java/nio/DirectByteBufferR done
Event: 1.125 Loading class java/nio/DirectIntBufferRU
Event: 1.125 Loading class java/nio/DirectIntBufferRU done
Event: 1.125 Loading class jdk/internal/jimage/ImageStringsReader
Event: 1.125 Loading class jdk/internal/jimage/ImageStrings
Event: 1.125 Loading class jdk/internal/jimage/ImageStrings done
Event: 1.125 Loading class jdk/internal/jimage/ImageStringsReader done
Event: 1.125 Loading class jdk/internal/jimage/decompressor/Decompressor
Event: 1.126 Loading class jdk/internal/jimage/decompressor/Decompressor done
Event: 1.126 Loading class jdk/internal/jimage/ImageLocation
Event: 1.126 Loading class jdk/internal/jimage/ImageLocation done
Event: 1.126 Loading class jdk/internal/jimage/ImageBufferCache
Event: 1.126 Loading class jdk/internal/jimage/ImageBufferCache done
Event: 1.126 Loading class jdk/internal/jimage/ImageBufferCache$1
Event: 1.126 Loading class java/lang/ThreadLocal
Event: 1.126 Loading class java/lang/ThreadLocal done
Event: 1.126 Loading class jdk/internal/jimage/ImageBufferCache$1 done
Event: 1.126 Loading class jdk/internal/jimage/ImageBufferCache$2
Event: 1.127 Loading class jdk/internal/jimage/ImageBufferCache$2 done
Event: 1.127 Loading class java/lang/ThreadLocal$ThreadLocalMap

Classes unloaded (0 events):
No events

Classes redefined (0 events):
No events

Internal exceptions (0 events):
No events

ZGC Phase Switch (0 events):
No events

VM Operations (0 events):
No events

Memory protections (0 events):
No events

Nmethod flushes (0 events):
No events

Events (12 events):
Event: 0.083 Thread 0x00000216948bf8d0 Thread added: 0x00000216948bf8d0
Event: 0.327 Thread 0x00000216948bf8d0 Thread added: 0x00000216af1d6ed0
Event: 0.327 Thread 0x00000216948bf8d0 Thread added: 0x00000216af1d9550
Event: 0.328 Thread 0x00000216948bf8d0 Thread added: 0x00000216af1e2620
Event: 0.328 Thread 0x00000216948bf8d0 Thread added: 0x00000216af200d50
Event: 0.329 Thread 0x00000216948bf8d0 Thread added: 0x00000216af2017b0
Event: 0.329 Thread 0x00000216948bf8d0 Thread added: 0x00000216af1f2430
Event: 0.329 Thread 0x00000216948bf8d0 Thread added: 0x00000216af1f4ea0
Event: 0.428 Thread 0x00000216948bf8d0 Thread added: 0x00000216af26c700
Event: 0.516 Thread 0x00000216af26c700 Thread added: 0x00000216af38aaa0
Event: 0.674 Thread 0x00000216948bf8d0 Thread added: 0x00000216af3979c0
Event: 0.759 Thread 0x00000216948bf8d0 Thread added: 0x00000216af39e860


Dynamic libraries:
0x00007ff6993a0000 - 0x00007ff6993ae000 	C:\Users\Noite\.p2\pool\plugins\org.eclipse.justj.openjdk.hotspot.jre.full.win32.x86_64_22.0.2.v20240802-1626\jre\bin\javaw.exe
0x00007fff7f030000 - 0x00007fff7f247000 	C:\WINDOWS\SYSTEM32\ntdll.dll
0x00007fff7db20000 - 0x00007fff7dbe4000 	C:\WINDOWS\System32\KERNEL32.DLL
0x00007fff7c350000 - 0x00007fff7c6fd000 	C:\WINDOWS\System32\KERNELBASE.dll
0x00007fff7c770000 - 0x00007fff7c881000 	C:\WINDOWS\System32\ucrtbase.dll
0x00007fff6f3c0000 - 0x00007fff6f3d7000 	C:\Users\Noite\.p2\pool\plugins\org.eclipse.justj.openjdk.hotspot.jre.full.win32.x86_64_22.0.2.v20240802-1626\jre\bin\jli.dll
0x00007fff5eb30000 - 0x00007fff5eb4b000 	C:\Users\Noite\.p2\pool\plugins\org.eclipse.justj.openjdk.hotspot.jre.full.win32.x86_64_22.0.2.v20240802-1626\jre\bin\VCRUNTIME140.dll
0x00007fff7d400000 - 0x00007fff7d5ae000 	C:\WINDOWS\System32\USER32.dll
0x00007fff52260000 - 0x00007fff524f3000 	C:\WINDOWS\WinSxS\amd64_microsoft.windows.common-controls_6595b64144ccf1df_6.0.22621.3672_none_2713b9d173822955\COMCTL32.dll
0x00007fff7c890000 - 0x00007fff7c8b6000 	C:\WINDOWS\System32\win32u.dll
0x00007fff7e0b0000 - 0x00007fff7e157000 	C:\WINDOWS\System32\msvcrt.dll
0x00007fff7d650000 - 0x00007fff7d679000 	C:\WINDOWS\System32\GDI32.dll
0x00007fff7ca00000 - 0x00007fff7cb19000 	C:\WINDOWS\System32\gdi32full.dll
0x00007fff7cb20000 - 0x00007fff7cbba000 	C:\WINDOWS\System32\msvcp_win.dll
0x00007fff7d6b0000 - 0x00007fff7d6e1000 	C:\WINDOWS\System32\IMM32.DLL
0x00007fff6f400000 - 0x00007fff6f40c000 	C:\Users\Noite\.p2\pool\plugins\org.eclipse.justj.openjdk.hotspot.jre.full.win32.x86_64_22.0.2.v20240802-1626\jre\bin\vcruntime140_1.dll
0x00007fff3f0a0000 - 0x00007fff3f12e000 	C:\Users\Noite\.p2\pool\plugins\org.eclipse.justj.openjdk.hotspot.jre.full.win32.x86_64_22.0.2.v20240802-1626\jre\bin\msvcp140.dll
0x00007fff3bae0000 - 0x00007fff3c8a3000 	C:\Users\Noite\.p2\pool\plugins\org.eclipse.justj.openjdk.hotspot.jre.full.win32.x86_64_22.0.2.v20240802-1626\jre\bin\server\jvm.dll
0x00007fff7e3f0000 - 0x00007fff7e4a2000 	C:\WINDOWS\System32\ADVAPI32.dll
0x00007fff7ef30000 - 0x00007fff7efd9000 	C:\WINDOWS\System32\sechost.dll
0x00007fff7cbc0000 - 0x00007fff7cbe8000 	C:\WINDOWS\System32\bcrypt.dll
0x00007fff7df80000 - 0x00007fff7e094000 	C:\WINDOWS\System32\RPCRT4.dll
0x00007fff7e4b0000 - 0x00007fff7e521000 	C:\WINDOWS\System32\WS2_32.dll
0x00007fff7c220000 - 0x00007fff7c26d000 	C:\WINDOWS\SYSTEM32\POWRPROF.dll
0x00007fff74f00000 - 0x00007fff74f0a000 	C:\WINDOWS\SYSTEM32\VERSION.dll
0x00007fff756a0000 - 0x00007fff756d4000 	C:\WINDOWS\SYSTEM32\WINMM.dll
0x00007fff7c200000 - 0x00007fff7c213000 	C:\WINDOWS\SYSTEM32\UMPDC.dll
0x00007fff7b3a0000 - 0x00007fff7b3b8000 	C:\WINDOWS\SYSTEM32\kernel.appcore.dll
0x00007fff6f210000 - 0x00007fff6f21a000 	C:\Users\Noite\.p2\pool\plugins\org.eclipse.justj.openjdk.hotspot.jre.full.win32.x86_64_22.0.2.v20240802-1626\jre\bin\jimage.dll
0x00007fff79f20000 - 0x00007fff7a152000 	C:\WINDOWS\SYSTEM32\DBGHELP.DLL
0x00007fff7dbf0000 - 0x00007fff7df7e000 	C:\WINDOWS\System32\combase.dll
0x00007fff7e310000 - 0x00007fff7e3e7000 	C:\WINDOWS\System32\OLEAUT32.dll
0x00007fff6ff00000 - 0x00007fff6ff32000 	C:\WINDOWS\SYSTEM32\dbgcore.DLL
0x00007fff7c8c0000 - 0x00007fff7c93b000 	C:\WINDOWS\System32\bcryptPrimitives.dll
0x00007fff6f1d0000 - 0x00007fff6f1ee000 	C:\Users\Noite\.p2\pool\plugins\org.eclipse.justj.openjdk.hotspot.jre.full.win32.x86_64_22.0.2.v20240802-1626\jre\bin\java.dll
0x00007fff7e5e0000 - 0x00007fff7ee47000 	C:\WINDOWS\System32\SHELL32.dll
0x00007fff7d6f0000 - 0x00007fff7d895000 	C:\WINDOWS\System32\ole32.dll
0x00007fff6f1b0000 - 0x00007fff6f1c7000 	C:\Users\Noite\.p2\pool\plugins\org.eclipse.justj.openjdk.hotspot.jre.full.win32.x86_64_22.0.2.v20240802-1626\jre\bin\zip.dll
0x00007fff7a160000 - 0x00007fff7aa5f000 	C:\WINDOWS\SYSTEM32\windows.storage.dll
0x00007fff7aa90000 - 0x00007fff7abcf000 	C:\WINDOWS\SYSTEM32\wintypes.dll
0x00007fff7d8a0000 - 0x00007fff7d999000 	C:\WINDOWS\System32\SHCORE.dll
0x00007fff7eed0000 - 0x00007fff7ef2e000 	C:\WINDOWS\System32\shlwapi.dll
0x00007fff7c280000 - 0x00007fff7c2a7000 	C:\WINDOWS\SYSTEM32\profapi.dll

dbghelp: loaded successfully - version: 4.0.5 - missing functions: none
symbol engine: initialized successfully - sym options: 0x614 - pdb path: .;C:\Users\Noite\.p2\pool\plugins\org.eclipse.justj.openjdk.hotspot.jre.full.win32.x86_64_22.0.2.v20240802-1626\jre\bin;C:\WINDOWS\SYSTEM32;C:\WINDOWS\WinSxS\amd64_microsoft.windows.common-controls_6595b64144ccf1df_6.0.22621.3672_none_2713b9d173822955;C:\Users\Noite\.p2\pool\plugins\org.eclipse.justj.openjdk.hotspot.jre.full.win32.x86_64_22.0.2.v20240802-1626\jre\bin\server

VM Arguments:
jvm_args: -Dfile.encoding=UTF-8 -Dstdout.encoding=UTF-8 -Dstderr.encoding=UTF-8 -XX:+ShowCodeDetailsInExceptionMessages 
java_command: javaCurso2024.Laboratorio2
java_class_path (initial): C:\Users\Noite\eclipse-workspace\javaCurso2024\bin
Launcher Type: SUN_STANDARD

[Global flags]
     intx CICompilerCount                          = 12                                        {product} {ergonomic}
     uint ConcGCThreads                            = 3                                         {product} {ergonomic}
     uint G1ConcRefinementThreads                  = 13                                        {product} {ergonomic}
   size_t G1HeapRegionSize                         = 2097152                                   {product} {ergonomic}
   size_t InitialHeapSize                          = 232783872                                 {product} {ergonomic}
   size_t MarkStackSize                            = 4194304                                   {product} {ergonomic}
   size_t MaxHeapSize                              = 3720347648                                {product} {ergonomic}
   size_t MaxNewSize                               = 2231369728                                {product} {ergonomic}
   size_t MinHeapDeltaBytes                        = 2097152                                   {product} {ergonomic}
   size_t MinHeapSize                              = 8388608                                   {product} {ergonomic}
    uintx NonNMethodCodeHeapSize                   = 7602480                                {pd product} {ergonomic}
    uintx NonProfiledCodeHeapSize                  = 122027880                              {pd product} {ergonomic}
    uintx ProfiledCodeHeapSize                     = 122027880                              {pd product} {ergonomic}
    uintx ReservedCodeCacheSize                    = 251658240                              {pd product} {ergonomic}
     bool SegmentedCodeCache                       = true                                      {product} {ergonomic}
     bool ShowCodeDetailsInExceptionMessages       = true                                   {manageable} {command line}
   size_t SoftMaxHeapSize                          = 3720347648                             {manageable} {ergonomic}
     bool UseCompressedOops                        = true                           {product lp64_product} {ergonomic}
     bool UseG1GC                                  = true                                      {product} {ergonomic}
     bool UseLargePagesIndividualAllocation        = false                                  {pd product} {ergonomic}

Logging:
Log output configuration:
 #0: stdout all=warning uptime,level,tags foldmultilines=false
 #1: stderr all=off uptime,level,tags foldmultilines=false

Environment Variables:
PATH=C:/Users/Noite/.p2/pool/plugins/org.eclipse.justj.openjdk.hotspot.jre.full.win32.x86_64_22.0.2.v20240802-1626/jre/bin/server;C:/Users/Noite/.p2/pool/plugins/org.eclipse.justj.openjdk.hotspot.jre.full.win32.x86_64_22.0.2.v20240802-1626/jre/bin;C:\Program Files\Common Files\Oracle\Java\javapath;C:\Program Files (x86)\Common Files\Oracle\Java\javapath;C:\Windows\system32;C:\Windows;C:\Windows\System32\Wbem;C:\Windows\System32\WindowsPowerShell\v1.0\;C:\Windows\System32\OpenSSH\;C:\Program Files (x86)\NVIDIA Corporation\PhysX\Common;C:\Program Files\dotnet\;C:\Program Files\NVIDIA Corporation\NVIDIA NvDLISR;C:\WINDOWS\system32;C:\WINDOWS;C:\WINDOWS\System32\Wbem;C:\WINDOWS\System32\WindowsPowerShell\v1.0\;C:\WINDOWS\System32\OpenSSH\;C:\Program Files\nodejs\;C:\gradle\gradle-7.6.3;C:\Users\Noite\AppData\Local\Microsoft\WindowsApps;C:\Users\Noite\AppData\Local\Programs\Microsoft VS Code\bin;C:\Users\Noite\AppData\Roaming\npm;C:\Users\Noite\AppData\Local\Programs\Git\cmd;C:\Users\Noite\Desktop;
USERNAME=Noite
OS=Windows_NT
PROCESSOR_IDENTIFIER=AMD64 Family 25 Model 80 Stepping 0, AuthenticAMD
TMP=C:\Users\Noite\AppData\Local\Temp
TEMP=C:\Users\Noite\AppData\Local\Temp




Periodic native trim disabled

---------------  S Y S T E M  ---------------

OS:
 Windows 11 , 64 bit Build 22621 (10.0.22621.3958)
OS uptime: 10 days 5:08 hours

CPU: total 16 (initial active 16) (16 cores per cpu, 2 threads per core) family 25 model 80 stepping 0 microcode 0x0, cx8, cmov, fxsr, ht, mmx, 3dnowpref, sse, sse2, sse3, ssse3, sse4a, sse4.1, sse4.2, popcnt, lzcnt, tsc, tscinvbit, avx, avx2, aes, erms, clmul, bmi1, bmi2, adx, sha, fma, vzeroupper, clflush, clflushopt, rdtscp, rdpid, fsrm, f16c, pku, cet_ss
Processor Information for all 16 processors :
  Max Mhz: 3201, Current Mhz: 3201, Mhz Limit: 3201

Memory: 4k page, system-wide physical 14188M (2483M free)
TotalPageFile size 57196M (AvailPageFile size 5M)
current process WorkingSet (physical memory assigned to process): 35M, peak: 35M
current process commit charge ("private bytes"): 309M, peak: 309M

vm_info: OpenJDK 64-Bit Server VM (22.0.2+9) for windows-amd64 JRE (22.0.2+9), built on 2024-07-16T00:00:00Z by "admin" with MS VC++ 17.7 (VS2022)

END.
