#
# A fatal error has been detected by the Java Runtime Environment:
#
#  EXCEPTION_UNCAUGHT_CXX_EXCEPTION (0xe06d7363) at pc=0x00007fff7c3afabc, pid=39216, tid=39624
#
# JRE version: OpenJDK Runtime Environment Temurin-22.0.2+9 (22.0.2+9) (build 22.0.2+9)
# Java VM: OpenJDK 64-Bit Server VM Temurin-22.0.2+9 (22.0.2+9, mixed mode, tiered, compressed oops, compressed class ptrs, g1 gc, windows-amd64)
# Problematic frame:
# C  [KERNELBASE.dll+0x5fabc]
#
# No core dump will be written. Minidumps are not enabled by default on client versions of Windows
#
# If you would like to submit a bug report, please visit:
#   https://github.com/adoptium/adoptium-support/issues
#

---------------  S U M M A R Y ------------

Command Line: -Dfile.encoding=UTF-8 -Dstdout.encoding=UTF-8 -Dstderr.encoding=UTF-8 -XX:+ShowCodeDetailsInExceptionMessages javaCurso2024.Laboratorio2

Host: AMD Ryzen 7 5800H with Radeon Graphics         , 16 cores, 13G,  Windows 11 , 64 bit Build 22621 (10.0.22621.3958)
Time: Thu Sep 26 20:54:32 2024 Hora oficial do Brasil elapsed time: 0.808751 seconds (0d 0h 0m 0s)

---------------  T H R E A D  ---------------

Current thread (0x000001a78f2a0240):  JavaThread "main"             [_thread_in_vm, id=39624, stack(0x000000830a300000,0x000000830a400000) (1024K)]

Stack: [0x000000830a300000,0x000000830a400000],  sp=0x000000830a3fd4d0,  free space=1013k
Native frames: (J=compiled Java code, j=interpreted, Vv=VM code, C=native code)
C  [KERNELBASE.dll+0x5fabc]  (no source info available)
C  [VCRUNTIME140.dll+0x6720]  (no source info available)
C  [jimage.dll+0x3223]  (no source info available)
C  [jimage.dll+0x2995]  (no source info available)
C  [jimage.dll+0x1413]  (no source info available)
C  [jimage.dll+0x1e27]  (no source info available)
C  [jimage.dll+0x1ebe]  (no source info available)
C  [jimage.dll+0x25e2]  (no source info available)
V  [jvm.dll+0x223810]  (no source info available)
V  [jvm.dll+0x2229b6]  (no source info available)
V  [jvm.dll+0x8438ac]  (no source info available)
V  [jvm.dll+0x844906]  (no source info available)
V  [jvm.dll+0x844f14]  (no source info available)
V  [jvm.dll+0x844b98]  (no source info available)
V  [jvm.dll+0x273fbb]  (no source info available)
V  [jvm.dll+0x2741ea]  (no source info available)
V  [jvm.dll+0x5ee107]  (no source info available)
V  [jvm.dll+0x5f10ff]  (no source info available)
V  [jvm.dll+0x3e448d]  (no source info available)
V  [jvm.dll+0x3e3a7d]  (no source info available)
C  0x000001a79c4b98b1  (no source info available)

The last pc belongs to invokestatic (printed below).
Java frames: (J=compiled Java code, j=interpreted, Vv=VM code)
j  jdk.internal.loader.URLClassPath.toFileURL(Ljava/lang/String;)Ljava/net/URL;+13 java.base
j  jdk.internal.loader.URLClassPath.<init>(Ljava/lang/String;Z)V+96 java.base
j  jdk.internal.loader.ClassLoaders.<clinit>()V+144 java.base
v  ~StubRoutines::call_stub 0x000001a79c4a100d
j  jdk.internal.loader.BootLoader.loadModule(Ljava/lang/module/ModuleReference;)V+0 java.base
j  jdk.internal.module.ModuleBootstrap.boot2()Ljava/lang/ModuleLayer;+358 java.base
j  jdk.internal.module.ModuleBootstrap.boot()Ljava/lang/ModuleLayer;+64 java.base
j  java.lang.System.initPhase2(ZZ)I+0 java.base
v  ~StubRoutines::call_stub 0x000001a79c4a100d

siginfo: EXCEPTION_UNCAUGHT_CXX_EXCEPTION (0xe06d7363), ExceptionInformation=0x0000000019930520 0x000000830a3fd630 0x00007fff6f215268 0x00007fff6f210000 


Registers:
RAX=0x00007fff7f060000, RBX=0x00007fff6f215268, RCX=0x0000000000000000, RDX=0x00007fff3c1bc9d1
RSP=0x000000830a3fd4d0, RBP=0x000000830a3fd760, RSI=0x000000830a3fd630, RDI=0x0000000019930520
R8 =0x00007fff3bb9e646, R9 =0x0000000000000000, R10=0x000000000000004a, R11=0x000001a78f2a0240
R12=0x000000000000311f, R13=0x000001a78f2a0240, R14=0x000001a7b0155c40, R15=0x000001a7b0155c40
RIP=0x00007fff7c3afabc, EFLAGS=0x0000000000000206


Register to memory mapping:

RAX=0x00007fff7f060000 ntdll.dll
RBX=0x00007fff6f215268 jimage.dll
RCX=0x0 is null
RDX=0x00007fff3c1bc9d1 jvm.dll
RSP=0x000000830a3fd4d0 is pointing into the stack for thread: 0x000001a78f2a0240
RBP=0x000000830a3fd760 is pointing into the stack for thread: 0x000001a78f2a0240
RSI=0x000000830a3fd630 is pointing into the stack for thread: 0x000001a78f2a0240
RDI=0x0000000019930520 is an unknown value
R8 =0x00007fff3bb9e646 jvm.dll
R9 =0x0 is null
R10=0x000000000000004a is an unknown value
R11=0x000001a78f2a0240 is a thread
R12=0x000000000000311f is an unknown value
R13=0x000001a78f2a0240 is a thread
R14=0x000001a7b0155c40 points into unknown readable memory: 0x0000000000000000 | 00 00 00 00 00 00 00 00
R15=0x000001a7b0155c40 points into unknown readable memory: 0x0000000000000000 | 00 00 00 00 00 00 00 00

Top of Stack: (sp=0x000000830a3fd4d0)
0x000000830a3fd4d0:   000000018f270100 00007fff6f215268
0x000000830a3fd4e0:   000000830a3fd630 0000000008000064
0x000000830a3fd4f0:   00000081e06d7363 0000000000000000
0x000000830a3fd500:   00007fff7c3afabc 0000000000000004
0x000000830a3fd510:   0000000019930520 000000830a3fd630
0x000000830a3fd520:   00007fff6f215268 00007fff6f210000
0x000000830a3fd530:   000001a700000000 0000006400000002
0x000000830a3fd540:   0000000000000000 00007fff6f215268
0x000000830a3fd550:   000001a7b0155c40 00007fff7f0a6acf
0x000000830a3fd560:   000000830a3fd5d0 00007fff6f217000
0x000000830a3fd570:   000000830a3fd630 0000000019930520
0x000000830a3fd580:   00007fff6f217000 00007fff6f210000
0x000000830a3fd590:   000084e986189c29 00007fff7c378fdb
0x000000830a3fd5a0:   00007fff6f215268 00007fff5eb36720
0x000000830a3fd5b0:   000002c8bba86818 0000000000000000
0x000000830a3fd5c0:   0000000000000008 00007fff7c790475
0x000000830a3fd5d0:   00007fff6f210000 0000000019930520
0x000000830a3fd5e0:   000000830a3fd630 00007fff6f215268
0x000000830a3fd5f0:   00007fff6f210000 00007fff7c7ea649
0x000000830a3fd600:   000001a7920cb42f 00007fff6f213223
0x000000830a3fd610:   0000000000000000 000001a7920cb42f
0x000000830a3fd620:   000000000000311f 000001a7920cb42f
0x000000830a3fd630:   00007fff6f214478 00007fff6f214488
0x000000830a3fd640:   0000000000000000 00007fff7c790000
0x000000830a3fd650:   000001a7920cb42f 00007fff6f212995
0x000000830a3fd660:   000000000000311f 000001a7b01cf604
0x000000830a3fd670:   000000830a3fe200 000000000000005c
0x000000830a3fd680:   000001a7920cb42f 00007fff6f211413
0x000000830a3fd690:   000001a7b01cf590 000001a78f270000
0x000000830a3fd6a0:   000000830a3fda64 0000000000000000
0x000000830a3fd6b0:   0000000000000000 00007fff7c389a9e
0x000000830a3fd6c0:   00000000cafefafa 0000000000001950 

Instructions: (pc=0x00007fff7c3afabc)
0x00007fff7c3af9bc:   ff 4c 8d 05 74 0e 2d 00 33 d2 b9 00 00 10 00 e8
0x00007fff7c3af9cc:   c0 3f fe ff 4c 8b f0 48 89 44 24 58 48 85 c0 0f
0x00007fff7c3af9dc:   84 0b fe ff ff 4c 8d 05 38 0e 2d 00 33 d2 8d 4a
0x00007fff7c3af9ec:   02 e8 9e 3f fe ff 48 8b f8 48 89 44 24 50 e9 ed
0x00007fff7c3af9fc:   fd ff ff 45 33 c0 49 8b d7 48 83 c9 ff e8 72 a6
0x00007fff7c3afa0c:   01 00 e9 08 ff ff ff 48 8b 0d 6e f2 2f 00 e8 31
0x00007fff7c3afa1c:   c2 fd ff 48 8b cf e8 f9 95 fc ff e9 f8 fe ff ff
0x00007fff7c3afa2c:   49 8b ce e8 ec 95 fc ff e9 f4 fe ff ff 48 8b ce
0x00007fff7c3afa3c:   e8 df 95 fc ff e9 f0 fe ff ff cc cc 71 18 d3 7a
0x00007fff7c3afa4c:   1a 87 89 f9 48 81 ec d8 00 00 00 48 8b 05 22 c5
0x00007fff7c3afa5c:   2f 00 48 33 c4 48 89 84 24 c0 00 00 00 48 83 64
0x00007fff7c3afa6c:   24 28 00 48 8d 05 da ff ff ff 83 e2 01 89 4c 24
0x00007fff7c3afa7c:   20 89 54 24 24 48 89 44 24 30 4d 85 c9 74 4f b8
0x00007fff7c3afa8c:   0f 00 00 00 48 8d 4c 24 40 44 3b c0 49 8b d1 41
0x00007fff7c3afa9c:   0f 46 c0 44 8b c0 44 89 44 24 38 49 c1 e0 03 e8
0x00007fff7c3afaac:   47 22 07 00 48 8d 4c 24 20 48 ff 15 e4 52 20 00
0x00007fff7c3afabc:   0f 1f 44 00 00 48 8b 8c 24 c0 00 00 00 48 33 cc
0x00007fff7c3afacc:   e8 4f 09 05 00 48 81 c4 d8 00 00 00 c3 cc 83 64
0x00007fff7c3afadc:   24 38 00 eb cf cc cc cc cc cc cc cc 48 8b c4 48
0x00007fff7c3afaec:   89 58 08 48 89 70 10 48 89 78 18 4c 89 68 20 55
0x00007fff7c3afafc:   41 56 41 57 48 8d 68 a1 48 81 ec e0 00 00 00 48
0x00007fff7c3afb0c:   8b 05 6e c4 2f 00 48 33 c4 48 89 45 3f 45 33 ff
0x00007fff7c3afb1c:   66 c7 45 2b 00 05 48 8d 45 c7 44 89 7d 27 48 89
0x00007fff7c3afb2c:   44 24 50 48 8d 4d 27 44 89 7c 24 48 45 33 c9 44
0x00007fff7c3afb3c:   89 7c 24 40 45 8d 47 12 44 89 7c 24 38 b2 01 44
0x00007fff7c3afb4c:   89 7c 24 30 41 8b df 44 89 7c 24 28 41 8b ff 44
0x00007fff7c3afb5c:   89 7c 24 20 45 8b f7 44 89 7d 2f 66 c7 45 33 00
0x00007fff7c3afb6c:   01 44 89 7d 37 66 c7 45 3b 00 10 4c 89 7d c7 4c
0x00007fff7c3afb7c:   89 7d cf 4c 89 7d d7 4c 89 7d df 48 ff 15 32 53
0x00007fff7c3afb8c:   20 00 0f 1f 44 00 00 85 c0 0f 88 a7 02 00 00 48
0x00007fff7c3afb9c:   8d 45 cf 41 b9 20 02 00 00 48 89 44 24 50 45 8d
0x00007fff7c3afbac:   6f 02 44 89 7c 24 48 45 8d 47 20 44 89 7c 24 40 


Stack slot to memory mapping:

stack at sp + 0 slots: 0x000000018f270100 is an unknown value
stack at sp + 1 slots: 0x00007fff6f215268 jimage.dll
stack at sp + 2 slots: 0x000000830a3fd630 is pointing into the stack for thread: 0x000001a78f2a0240
stack at sp + 3 slots: 0x0000000008000064 is an unknown value
stack at sp + 4 slots: 0x00000081e06d7363 is an unknown value
stack at sp + 5 slots: 0x0 is null
stack at sp + 6 slots: 0x00007fff7c3afabc KERNELBASE.dll
stack at sp + 7 slots: 0x0000000000000004 is an unknown value

invokestatic  184 invokestatic  [0x000001a79c4b9800, 0x000001a79c4b9ac8]  712 bytes
[MachCode]
  0x000001a79c4b9800: 4883 ec08 | c5fa 1104 | 24eb 1f48 | 83ec 10c5 | fb11 0424 | eb14 4883 | ec10 4889 | 0424 48c7 
  0x000001a79c4b9820: 4424 0800 | 0000 00eb | 0150 488b | 4dd0 410f | b755 0148 | 8b49 306b | d218 488d | 4c11 080f 
  0x000001a79c4b9840: b659 1681 | fbb8 0000 | 000f 84bd | 0000 00bb | b800 0000 | e805 0000 | 00e9 9900 | 0000 488b 
  0x000001a79c4b9860: d348 8d44 | 2408 4c89 | 6dc0 498b | cfc5 f877 | 4989 afb0 | 0300 0049 | 8987 a003 | 0000 4883 
  0x000001a79c4b9880: ec20 40f6 | c40f 0f84 | 1900 0000 | 4883 ec08 | 48b8 103a | ec3b ff7f | 0000 ffd0 | 4883 c408 
  0x000001a79c4b98a0: e90c 0000 | 0048 b810 | 3aec 3bff | 7f00 00ff | d048 83c4 | 2049 c787 | a003 0000 | 0000 0000 
  0x000001a79c4b98c0: 49c7 87b0 | 0300 0000 | 0000 0049 | c787 a803 | 0000 0000 | 0000 c5f8 | 7749 837f | 0800 0f84 
  0x000001a79c4b98e0: 0500 0000 | e917 76fe | ff4c 8b6d | c04c 8b75 | c84e 8d74 | f500 c348 | 8b4d d041 | 0fb7 5501 
  0x000001a79c4b9900: 488b 4930 | 6bd2 1848 | 8d4c 1108 | 488b 1948 | 8b5b 0848 | 8b5b 0848 | 8b5b 1880 | bb20 0100 
  0x000001a79c4b9920: 0005 0f84 | 0d00 0000 | 4c3b bb30 | 0100 000f | 851a ffff | ff0f b651 | 1548 8b19 | 4c89 6dc0 
  0x000001a79c4b9940: 448b ea0f | b651 1449 | bac0 0c7d | 3cff 7f00 | 0049 8b14 | d252 418b | d54c 8b6d | c048 8b45 
  0x000001a79c4b9960: d848 85c0 | 0f84 1200 | 0000 4883 | 4008 0148 | 8358 0800 | 4883 c010 | 4889 45d8 | 488b 45d8 
  0x000001a79c4b9980: 4885 c00f | 8423 0100 | 0080 78f0 | 0a0f 8519 | 0100 0048 | 83c0 084c | 8b68 f841 | 83ed 0041 
  0x000001a79c4b99a0: 83fd 020f | 8cf8 0000 | 004c 8b6b | 0845 0fb7 | 6d2e 4c2b | 2841 83ed | 014e 8b6c | ec08 4d85 
  0x000001a79c4b99c0: ed75 0ef6 | 4008 0175 | 4bf0 4883 | 4808 01eb | 4345 8b6d | 084d 8bd5 | 4c33 6808 | 49f7 c5fc 
  0x000001a79c4b99e0: ffff ff74 | 2f41 f6c5 | 0275 2948 | 8378 0800 | 741e 4883 | 7808 0174 | 174d 8bea | 4c33 6808 
  0x000001a79c4b9a00: 49f7 c5fc | ffff ff74 | 0b48 8348 | 0802 eb04 | 4c89 6808 | 4883 c010 | 4c8b 68e8 | 4183 ed02 
  0x000001a79c4b9a20: 4183 fd02 | 0f8c 7700 | 0000 4c8b | 6b08 450f | b76d 2e4c | 2b28 4183 | ed01 4e8b | 6cec 084d 
  0x000001a79c4b9a40: 85ed 750e | f640 0801 | 754b f048 | 8348 0801 | eb43 458b | 6d08 4d8b | d54c 3368 | 0849 f7c5 
  0x000001a79c4b9a60: fcff ffff | 742f 41f6 | c502 7529 | 4883 7808 | 0074 1e48 | 8378 0801 | 7417 4d8b | ea4c 3368 
  0x000001a79c4b9a80: 0849 f7c5 | fcff ffff | 740b 4883 | 4808 02eb | 044c 8968 | 0848 83c0 | 104c 8b68 | d841 83ed 
  0x000001a79c4b9aa0: 0441 c1e5 | 0349 03c5 | 4889 45d8 | 4c8d 6c24 | 0849 8bcd | 482b cd48 | c1f9 0348 | 894d f0ff 
  0x000001a79c4b9ac0: 6350 660f | 1f44 0000 
[/MachCode]

---------------  P R O C E S S  ---------------

Threads class SMR info:
_java_thread_list=0x000001a7b00420b0, length=9, elements={
0x000001a78f2a0240, 0x000001a7b00728f0, 0x000001a7b0075710, 0x000001a7b007f340,
0x000001a7b007fda0, 0x000001a7b007afb0, 0x000001a7b007ba10, 0x000001a7b00a41a0,
0x000001a7b00faf50
}

Java Threads: ( => current thread )
=>0x000001a78f2a0240 JavaThread "main"                              [_thread_in_vm, id=39624, stack(0x000000830a300000,0x000000830a400000) (1024K)]
  0x000001a7b00728f0 JavaThread "Reference Handler"          daemon [_thread_blocked, id=39488, stack(0x000000830ab00000,0x000000830ac00000) (1024K)]
  0x000001a7b0075710 JavaThread "Finalizer"                  daemon [_thread_blocked, id=25868, stack(0x000000830ac00000,0x000000830ad00000) (1024K)]
  0x000001a7b007f340 JavaThread "Signal Dispatcher"          daemon [_thread_blocked, id=25216, stack(0x000000830ad00000,0x000000830ae00000) (1024K)]
  0x000001a7b007fda0 JavaThread "Attach Listener"            daemon [_thread_blocked, id=12728, stack(0x000000830ae00000,0x000000830af00000) (1024K)]
  0x000001a7b007afb0 JavaThread "Service Thread"             daemon [_thread_blocked, id=13988, stack(0x000000830af00000,0x000000830b000000) (1024K)]
  0x000001a7b007ba10 JavaThread "Monitor Deflation Thread"   daemon [_thread_blocked, id=16476, stack(0x000000830b000000,0x000000830b100000) (1024K)]
  0x000001a7b00a41a0 JavaThread "C2 CompilerThread0"         daemon [_thread_blocked, id=28860, stack(0x000000830b100000,0x000000830b200000) (1024K)]
  0x000001a7b00faf50 JavaThread "C1 CompilerThread0"         daemon [_thread_blocked, id=23364, stack(0x000000830b200000,0x000000830b300000) (1024K)]
Total: 9

Other Threads:
  0x000001a7abdf27b0 VMThread "VM Thread"                           [id=23744, stack(0x000000830aa00000,0x000000830ab00000) (1024K)]
  0x000001a7abd84240 WatcherThread "VM Periodic Task Thread"        [id=7828, stack(0x000000830a900000,0x000000830aa00000) (1024K)]
  0x000001a7915b9150 WorkerThread "GC Thread#0"                     [id=6504, stack(0x000000830a400000,0x000000830a500000) (1024K)]
  0x000001a7915c7f00 ConcurrentGCThread "G1 Main Marker"            [id=17404, stack(0x000000830a500000,0x000000830a600000) (1024K)]
  0x000001a7915c8a10 WorkerThread "G1 Conc#0"                       [id=13508, stack(0x000000830a600000,0x000000830a700000) (1024K)]
  0x000001a7abc56350 ConcurrentGCThread "G1 Refine#0"               [id=18192, stack(0x000000830a700000,0x000000830a800000) (1024K)]
  0x000001a7abc59590 ConcurrentGCThread "G1 Service"                [id=26936, stack(0x000000830a800000,0x000000830a900000) (1024K)]
Total: 7

Threads with active compile tasks:
Total: 0

VM state: not at safepoint (normal execution)

VM Mutex/Monitor currently owned by a thread: None

Heap address: 0x0000000722400000, size: 3548 MB, Compressed Oops mode: Zero based, Oop shift amount: 3

CDS archive(s) not mapped
Compressed class space mapped at: 0x000000002f000000-0x000000006f000000, reserved size: 1073741824
Narrow klass base: 0x0000000000000000, Narrow klass shift: 0, Narrow klass range: 0x6f000000

GC Precious Log:
 CardTable entry size: 512
 Card Set container configuration: InlinePtr #cards 4 size 8 Array Of Cards #cards 16 size 48 Howl #buckets 8 coarsen threshold 3686 Howl Bitmap #cards 512 size 80 coarsen threshold 460 Card regions per heap region 1 cards per card region 4096
 CPUs: 16 total, 16 available
 Memory: 14188M
 Large Page Support: Disabled
 NUMA Support: Disabled
 Compressed Oops: Enabled (Zero based)
 Heap Region Size: 2M
 Heap Min Capacity: 8M
 Heap Initial Capacity: 222M
 Heap Max Capacity: 3548M
 Pre-touch: Disabled
 Parallel Workers: 13
 Concurrent Workers: 3
 Concurrent Refinement Workers: 13
 Periodic GC: Disabled

Heap:
 garbage-first heap   total reserved 3633152K, committed 227328K, used 0K [0x0000000722400000, 0x0000000800000000)
  region size 2048K, 1 young (2048K), 0 survivors (0K)
 Metaspace       used 3676K, committed 3712K, reserved 1114112K
  class space    used 289K, committed 320K, reserved 1048576K

Heap Regions: E=young(eden), S=young(survivor), O=old, HS=humongous(starts), HC=humongous(continues), CS=collection set, F=free, TAMS=top-at-mark-start, PB=parsable bottom
|   0|0x0000000722400000, 0x0000000722400000, 0x0000000722600000|  0%| F|  |TAMS 0x0000000722400000| PB 0x0000000722400000| Untracked |  0
|   1|0x0000000722600000, 0x0000000722600000, 0x0000000722800000|  0%| F|  |TAMS 0x0000000722600000| PB 0x0000000722600000| Untracked |  0
|   2|0x0000000722800000, 0x0000000722800000, 0x0000000722a00000|  0%| F|  |TAMS 0x0000000722800000| PB 0x0000000722800000| Untracked |  0
|   3|0x0000000722a00000, 0x0000000722a00000, 0x0000000722c00000|  0%| F|  |TAMS 0x0000000722a00000| PB 0x0000000722a00000| Untracked |  0
|   4|0x0000000722c00000, 0x0000000722c00000, 0x0000000722e00000|  0%| F|  |TAMS 0x0000000722c00000| PB 0x0000000722c00000| Untracked |  0
|   5|0x0000000722e00000, 0x0000000722e00000, 0x0000000723000000|  0%| F|  |TAMS 0x0000000722e00000| PB 0x0000000722e00000| Untracked |  0
|   6|0x0000000723000000, 0x0000000723000000, 0x0000000723200000|  0%| F|  |TAMS 0x0000000723000000| PB 0x0000000723000000| Untracked |  0
|   7|0x0000000723200000, 0x0000000723200000, 0x0000000723400000|  0%| F|  |TAMS 0x0000000723200000| PB 0x0000000723200000| Untracked |  0
|   8|0x0000000723400000, 0x0000000723400000, 0x0000000723600000|  0%| F|  |TAMS 0x0000000723400000| PB 0x0000000723400000| Untracked |  0
|   9|0x0000000723600000, 0x0000000723600000, 0x0000000723800000|  0%| F|  |TAMS 0x0000000723600000| PB 0x0000000723600000| Untracked |  0
|  10|0x0000000723800000, 0x0000000723800000, 0x0000000723a00000|  0%| F|  |TAMS 0x0000000723800000| PB 0x0000000723800000| Untracked |  0
|  11|0x0000000723a00000, 0x0000000723a00000, 0x0000000723c00000|  0%| F|  |TAMS 0x0000000723a00000| PB 0x0000000723a00000| Untracked |  0
|  12|0x0000000723c00000, 0x0000000723c00000, 0x0000000723e00000|  0%| F|  |TAMS 0x0000000723c00000| PB 0x0000000723c00000| Untracked |  0
|  13|0x0000000723e00000, 0x0000000723e00000, 0x0000000724000000|  0%| F|  |TAMS 0x0000000723e00000| PB 0x0000000723e00000| Untracked |  0
|  14|0x0000000724000000, 0x0000000724000000, 0x0000000724200000|  0%| F|  |TAMS 0x0000000724000000| PB 0x0000000724000000| Untracked |  0
|  15|0x0000000724200000, 0x0000000724200000, 0x0000000724400000|  0%| F|  |TAMS 0x0000000724200000| PB 0x0000000724200000| Untracked |  0
|  16|0x0000000724400000, 0x0000000724400000, 0x0000000724600000|  0%| F|  |TAMS 0x0000000724400000| PB 0x0000000724400000| Untracked |  0
|  17|0x0000000724600000, 0x0000000724600000, 0x0000000724800000|  0%| F|  |TAMS 0x0000000724600000| PB 0x0000000724600000| Untracked |  0
|  18|0x0000000724800000, 0x0000000724800000, 0x0000000724a00000|  0%| F|  |TAMS 0x0000000724800000| PB 0x0000000724800000| Untracked |  0
|  19|0x0000000724a00000, 0x0000000724a00000, 0x0000000724c00000|  0%| F|  |TAMS 0x0000000724a00000| PB 0x0000000724a00000| Untracked |  0
|  20|0x0000000724c00000, 0x0000000724c00000, 0x0000000724e00000|  0%| F|  |TAMS 0x0000000724c00000| PB 0x0000000724c00000| Untracked |  0
|  21|0x0000000724e00000, 0x0000000724e00000, 0x0000000725000000|  0%| F|  |TAMS 0x0000000724e00000| PB 0x0000000724e00000| Untracked |  0
|  22|0x0000000725000000, 0x0000000725000000, 0x0000000725200000|  0%| F|  |TAMS 0x0000000725000000| PB 0x0000000725000000| Untracked |  0
|  23|0x0000000725200000, 0x0000000725200000, 0x0000000725400000|  0%| F|  |TAMS 0x0000000725200000| PB 0x0000000725200000| Untracked |  0
|  24|0x0000000725400000, 0x0000000725400000, 0x0000000725600000|  0%| F|  |TAMS 0x0000000725400000| PB 0x0000000725400000| Untracked |  0
|  25|0x0000000725600000, 0x0000000725600000, 0x0000000725800000|  0%| F|  |TAMS 0x0000000725600000| PB 0x0000000725600000| Untracked |  0
|  26|0x0000000725800000, 0x0000000725800000, 0x0000000725a00000|  0%| F|  |TAMS 0x0000000725800000| PB 0x0000000725800000| Untracked |  0
|  27|0x0000000725a00000, 0x0000000725a00000, 0x0000000725c00000|  0%| F|  |TAMS 0x0000000725a00000| PB 0x0000000725a00000| Untracked |  0
|  28|0x0000000725c00000, 0x0000000725c00000, 0x0000000725e00000|  0%| F|  |TAMS 0x0000000725c00000| PB 0x0000000725c00000| Untracked |  0
|  29|0x0000000725e00000, 0x0000000725e00000, 0x0000000726000000|  0%| F|  |TAMS 0x0000000725e00000| PB 0x0000000725e00000| Untracked |  0
|  30|0x0000000726000000, 0x0000000726000000, 0x0000000726200000|  0%| F|  |TAMS 0x0000000726000000| PB 0x0000000726000000| Untracked |  0
|  31|0x0000000726200000, 0x0000000726200000, 0x0000000726400000|  0%| F|  |TAMS 0x0000000726200000| PB 0x0000000726200000| Untracked |  0
|  32|0x0000000726400000, 0x0000000726400000, 0x0000000726600000|  0%| F|  |TAMS 0x0000000726400000| PB 0x0000000726400000| Untracked |  0
|  33|0x0000000726600000, 0x0000000726600000, 0x0000000726800000|  0%| F|  |TAMS 0x0000000726600000| PB 0x0000000726600000| Untracked |  0
|  34|0x0000000726800000, 0x0000000726800000, 0x0000000726a00000|  0%| F|  |TAMS 0x0000000726800000| PB 0x0000000726800000| Untracked |  0
|  35|0x0000000726a00000, 0x0000000726a00000, 0x0000000726c00000|  0%| F|  |TAMS 0x0000000726a00000| PB 0x0000000726a00000| Untracked |  0
|  36|0x0000000726c00000, 0x0000000726c00000, 0x0000000726e00000|  0%| F|  |TAMS 0x0000000726c00000| PB 0x0000000726c00000| Untracked |  0
|  37|0x0000000726e00000, 0x0000000726e00000, 0x0000000727000000|  0%| F|  |TAMS 0x0000000726e00000| PB 0x0000000726e00000| Untracked |  0
|  38|0x0000000727000000, 0x0000000727000000, 0x0000000727200000|  0%| F|  |TAMS 0x0000000727000000| PB 0x0000000727000000| Untracked |  0
|  39|0x0000000727200000, 0x0000000727200000, 0x0000000727400000|  0%| F|  |TAMS 0x0000000727200000| PB 0x0000000727200000| Untracked |  0
|  40|0x0000000727400000, 0x0000000727400000, 0x0000000727600000|  0%| F|  |TAMS 0x0000000727400000| PB 0x0000000727400000| Untracked |  0
|  41|0x0000000727600000, 0x0000000727600000, 0x0000000727800000|  0%| F|  |TAMS 0x0000000727600000| PB 0x0000000727600000| Untracked |  0
|  42|0x0000000727800000, 0x0000000727800000, 0x0000000727a00000|  0%| F|  |TAMS 0x0000000727800000| PB 0x0000000727800000| Untracked |  0
|  43|0x0000000727a00000, 0x0000000727a00000, 0x0000000727c00000|  0%| F|  |TAMS 0x0000000727a00000| PB 0x0000000727a00000| Untracked |  0
|  44|0x0000000727c00000, 0x0000000727c00000, 0x0000000727e00000|  0%| F|  |TAMS 0x0000000727c00000| PB 0x0000000727c00000| Untracked |  0
|  45|0x0000000727e00000, 0x0000000727e00000, 0x0000000728000000|  0%| F|  |TAMS 0x0000000727e00000| PB 0x0000000727e00000| Untracked |  0
|  46|0x0000000728000000, 0x0000000728000000, 0x0000000728200000|  0%| F|  |TAMS 0x0000000728000000| PB 0x0000000728000000| Untracked |  0
|  47|0x0000000728200000, 0x0000000728200000, 0x0000000728400000|  0%| F|  |TAMS 0x0000000728200000| PB 0x0000000728200000| Untracked |  0
|  48|0x0000000728400000, 0x0000000728400000, 0x0000000728600000|  0%| F|  |TAMS 0x0000000728400000| PB 0x0000000728400000| Untracked |  0
|  49|0x0000000728600000, 0x0000000728600000, 0x0000000728800000|  0%| F|  |TAMS 0x0000000728600000| PB 0x0000000728600000| Untracked |  0
|  50|0x0000000728800000, 0x0000000728800000, 0x0000000728a00000|  0%| F|  |TAMS 0x0000000728800000| PB 0x0000000728800000| Untracked |  0
|  51|0x0000000728a00000, 0x0000000728a00000, 0x0000000728c00000|  0%| F|  |TAMS 0x0000000728a00000| PB 0x0000000728a00000| Untracked |  0
|  52|0x0000000728c00000, 0x0000000728c00000, 0x0000000728e00000|  0%| F|  |TAMS 0x0000000728c00000| PB 0x0000000728c00000| Untracked |  0
|  53|0x0000000728e00000, 0x0000000728e00000, 0x0000000729000000|  0%| F|  |TAMS 0x0000000728e00000| PB 0x0000000728e00000| Untracked |  0
|  54|0x0000000729000000, 0x0000000729000000, 0x0000000729200000|  0%| F|  |TAMS 0x0000000729000000| PB 0x0000000729000000| Untracked |  0
|  55|0x0000000729200000, 0x0000000729200000, 0x0000000729400000|  0%| F|  |TAMS 0x0000000729200000| PB 0x0000000729200000| Untracked |  0
|  56|0x0000000729400000, 0x0000000729400000, 0x0000000729600000|  0%| F|  |TAMS 0x0000000729400000| PB 0x0000000729400000| Untracked |  0
|  57|0x0000000729600000, 0x0000000729600000, 0x0000000729800000|  0%| F|  |TAMS 0x0000000729600000| PB 0x0000000729600000| Untracked |  0
|  58|0x0000000729800000, 0x0000000729800000, 0x0000000729a00000|  0%| F|  |TAMS 0x0000000729800000| PB 0x0000000729800000| Untracked |  0
|  59|0x0000000729a00000, 0x0000000729a00000, 0x0000000729c00000|  0%| F|  |TAMS 0x0000000729a00000| PB 0x0000000729a00000| Untracked |  0
|  60|0x0000000729c00000, 0x0000000729c00000, 0x0000000729e00000|  0%| F|  |TAMS 0x0000000729c00000| PB 0x0000000729c00000| Untracked |  0
|  61|0x0000000729e00000, 0x0000000729e00000, 0x000000072a000000|  0%| F|  |TAMS 0x0000000729e00000| PB 0x0000000729e00000| Untracked |  0
|  62|0x000000072a000000, 0x000000072a000000, 0x000000072a200000|  0%| F|  |TAMS 0x000000072a000000| PB 0x000000072a000000| Untracked |  0
|  63|0x000000072a200000, 0x000000072a200000, 0x000000072a400000|  0%| F|  |TAMS 0x000000072a200000| PB 0x000000072a200000| Untracked |  0
|  64|0x000000072a400000, 0x000000072a400000, 0x000000072a600000|  0%| F|  |TAMS 0x000000072a400000| PB 0x000000072a400000| Untracked |  0
|  65|0x000000072a600000, 0x000000072a600000, 0x000000072a800000|  0%| F|  |TAMS 0x000000072a600000| PB 0x000000072a600000| Untracked |  0
|  66|0x000000072a800000, 0x000000072a800000, 0x000000072aa00000|  0%| F|  |TAMS 0x000000072a800000| PB 0x000000072a800000| Untracked |  0
|  67|0x000000072aa00000, 0x000000072aa00000, 0x000000072ac00000|  0%| F|  |TAMS 0x000000072aa00000| PB 0x000000072aa00000| Untracked |  0
|  68|0x000000072ac00000, 0x000000072ac00000, 0x000000072ae00000|  0%| F|  |TAMS 0x000000072ac00000| PB 0x000000072ac00000| Untracked |  0
|  69|0x000000072ae00000, 0x000000072ae00000, 0x000000072b000000|  0%| F|  |TAMS 0x000000072ae00000| PB 0x000000072ae00000| Untracked |  0
|  70|0x000000072b000000, 0x000000072b000000, 0x000000072b200000|  0%| F|  |TAMS 0x000000072b000000| PB 0x000000072b000000| Untracked |  0
|  71|0x000000072b200000, 0x000000072b200000, 0x000000072b400000|  0%| F|  |TAMS 0x000000072b200000| PB 0x000000072b200000| Untracked |  0
|  72|0x000000072b400000, 0x000000072b400000, 0x000000072b600000|  0%| F|  |TAMS 0x000000072b400000| PB 0x000000072b400000| Untracked |  0
|  73|0x000000072b600000, 0x000000072b600000, 0x000000072b800000|  0%| F|  |TAMS 0x000000072b600000| PB 0x000000072b600000| Untracked |  0
|  74|0x000000072b800000, 0x000000072b800000, 0x000000072ba00000|  0%| F|  |TAMS 0x000000072b800000| PB 0x000000072b800000| Untracked |  0
|  75|0x000000072ba00000, 0x000000072ba00000, 0x000000072bc00000|  0%| F|  |TAMS 0x000000072ba00000| PB 0x000000072ba00000| Untracked |  0
|  76|0x000000072bc00000, 0x000000072bc00000, 0x000000072be00000|  0%| F|  |TAMS 0x000000072bc00000| PB 0x000000072bc00000| Untracked |  0
|  77|0x000000072be00000, 0x000000072be00000, 0x000000072c000000|  0%| F|  |TAMS 0x000000072be00000| PB 0x000000072be00000| Untracked |  0
|  78|0x000000072c000000, 0x000000072c000000, 0x000000072c200000|  0%| F|  |TAMS 0x000000072c000000| PB 0x000000072c000000| Untracked |  0
|  79|0x000000072c200000, 0x000000072c200000, 0x000000072c400000|  0%| F|  |TAMS 0x000000072c200000| PB 0x000000072c200000| Untracked |  0
|  80|0x000000072c400000, 0x000000072c400000, 0x000000072c600000|  0%| F|  |TAMS 0x000000072c400000| PB 0x000000072c400000| Untracked |  0
|  81|0x000000072c600000, 0x000000072c600000, 0x000000072c800000|  0%| F|  |TAMS 0x000000072c600000| PB 0x000000072c600000| Untracked |  0
|  82|0x000000072c800000, 0x000000072c800000, 0x000000072ca00000|  0%| F|  |TAMS 0x000000072c800000| PB 0x000000072c800000| Untracked |  0
|  83|0x000000072ca00000, 0x000000072ca00000, 0x000000072cc00000|  0%| F|  |TAMS 0x000000072ca00000| PB 0x000000072ca00000| Untracked |  0
|  84|0x000000072cc00000, 0x000000072cc00000, 0x000000072ce00000|  0%| F|  |TAMS 0x000000072cc00000| PB 0x000000072cc00000| Untracked |  0
|  85|0x000000072ce00000, 0x000000072ce00000, 0x000000072d000000|  0%| F|  |TAMS 0x000000072ce00000| PB 0x000000072ce00000| Untracked |  0
|  86|0x000000072d000000, 0x000000072d000000, 0x000000072d200000|  0%| F|  |TAMS 0x000000072d000000| PB 0x000000072d000000| Untracked |  0
|  87|0x000000072d200000, 0x000000072d200000, 0x000000072d400000|  0%| F|  |TAMS 0x000000072d200000| PB 0x000000072d200000| Untracked |  0
|  88|0x000000072d400000, 0x000000072d400000, 0x000000072d600000|  0%| F|  |TAMS 0x000000072d400000| PB 0x000000072d400000| Untracked |  0
|  89|0x000000072d600000, 0x000000072d600000, 0x000000072d800000|  0%| F|  |TAMS 0x000000072d600000| PB 0x000000072d600000| Untracked |  0
|  90|0x000000072d800000, 0x000000072d800000, 0x000000072da00000|  0%| F|  |TAMS 0x000000072d800000| PB 0x000000072d800000| Untracked |  0
|  91|0x000000072da00000, 0x000000072da00000, 0x000000072dc00000|  0%| F|  |TAMS 0x000000072da00000| PB 0x000000072da00000| Untracked |  0
|  92|0x000000072dc00000, 0x000000072dc00000, 0x000000072de00000|  0%| F|  |TAMS 0x000000072dc00000| PB 0x000000072dc00000| Untracked |  0
|  93|0x000000072de00000, 0x000000072de00000, 0x000000072e000000|  0%| F|  |TAMS 0x000000072de00000| PB 0x000000072de00000| Untracked |  0
|  94|0x000000072e000000, 0x000000072e000000, 0x000000072e200000|  0%| F|  |TAMS 0x000000072e000000| PB 0x000000072e000000| Untracked |  0
|  95|0x000000072e200000, 0x000000072e200000, 0x000000072e400000|  0%| F|  |TAMS 0x000000072e200000| PB 0x000000072e200000| Untracked |  0
|  96|0x000000072e400000, 0x000000072e400000, 0x000000072e600000|  0%| F|  |TAMS 0x000000072e400000| PB 0x000000072e400000| Untracked |  0
|  97|0x000000072e600000, 0x000000072e600000, 0x000000072e800000|  0%| F|  |TAMS 0x000000072e600000| PB 0x000000072e600000| Untracked |  0
|  98|0x000000072e800000, 0x000000072e800000, 0x000000072ea00000|  0%| F|  |TAMS 0x000000072e800000| PB 0x000000072e800000| Untracked |  0
|  99|0x000000072ea00000, 0x000000072ea00000, 0x000000072ec00000|  0%| F|  |TAMS 0x000000072ea00000| PB 0x000000072ea00000| Untracked |  0
| 100|0x000000072ec00000, 0x000000072ec00000, 0x000000072ee00000|  0%| F|  |TAMS 0x000000072ec00000| PB 0x000000072ec00000| Untracked |  0
| 101|0x000000072ee00000, 0x000000072ee00000, 0x000000072f000000|  0%| F|  |TAMS 0x000000072ee00000| PB 0x000000072ee00000| Untracked |  0
| 102|0x000000072f000000, 0x000000072f000000, 0x000000072f200000|  0%| F|  |TAMS 0x000000072f000000| PB 0x000000072f000000| Untracked |  0
| 103|0x000000072f200000, 0x000000072f200000, 0x000000072f400000|  0%| F|  |TAMS 0x000000072f200000| PB 0x000000072f200000| Untracked |  0
| 104|0x000000072f400000, 0x000000072f400000, 0x000000072f600000|  0%| F|  |TAMS 0x000000072f400000| PB 0x000000072f400000| Untracked |  0
| 105|0x000000072f600000, 0x000000072f600000, 0x000000072f800000|  0%| F|  |TAMS 0x000000072f600000| PB 0x000000072f600000| Untracked |  0
| 106|0x000000072f800000, 0x000000072f800000, 0x000000072fa00000|  0%| F|  |TAMS 0x000000072f800000| PB 0x000000072f800000| Untracked |  0
| 107|0x000000072fa00000, 0x000000072fa00000, 0x000000072fc00000|  0%| F|  |TAMS 0x000000072fa00000| PB 0x000000072fa00000| Untracked |  0
| 108|0x000000072fc00000, 0x000000072fc00000, 0x000000072fe00000|  0%| F|  |TAMS 0x000000072fc00000| PB 0x000000072fc00000| Untracked |  0
| 109|0x000000072fe00000, 0x000000072fe00000, 0x0000000730000000|  0%| F|  |TAMS 0x000000072fe00000| PB 0x000000072fe00000| Untracked |  0
| 110|0x0000000730000000, 0x00000007301eb9b8, 0x0000000730200000| 96%| E|  |TAMS 0x0000000730000000| PB 0x0000000730000000| Complete |  0

Card table byte_map: [0x000001a7a4fc0000,0x000001a7a56b0000] _byte_map_base: 0x000001a7a16ae000

Marking Bits: (CMBitMap*) 0x000001a7915b9860
 Bits: [0x000001a7a56b0000, 0x000001a7a8e20000)

Polling page: 0x000001a78f4f0000

Metaspace:

Usage:
  Non-class:      3.31 MB used.
      Class:    289.56 KB used.
       Both:      3.59 MB used.

Virtual space:
  Non-class space:       64.00 MB reserved,       3.31 MB (  5%) committed,  1 nodes.
      Class space:        1.00 GB reserved,     320.00 KB ( <1%) committed,  1 nodes.
             Both:        1.06 GB reserved,       3.62 MB ( <1%) committed. 

Chunk freelists:
   Non-Class:  12.00 MB
       Class:  15.62 MB
        Both:  27.62 MB

MaxMetaspaceSize: unlimited
CompressedClassSpaceSize: 1.00 GB
Initial GC threshold: 21.00 MB
Current GC threshold: 21.00 MB
CDS: off
 - commit_granule_bytes: 65536.
 - commit_granule_words: 8192.
 - virtual_space_node_default_size: 8388608.
 - enlarge_chunks_in_place: 1.
 - use_allocation_guard: 0.


Internal statistics:

num_allocs_failed_limit: 0.
num_arena_births: 2.
num_arena_deaths: 0.
num_vsnodes_births: 2.
num_vsnodes_deaths: 0.
num_space_committed: 58.
num_space_uncommitted: 0.
num_chunks_returned_to_freelist: 0.
num_chunks_taken_from_freelist: 4.
num_chunk_merges: 0.
num_chunk_splits: 2.
num_chunks_enlarged: 0.
num_inconsistent_stats: 0.

CodeHeap 'non-profiled nmethods': size=119168Kb used=3Kb max_used=3Kb free=119164Kb
 bounds [0x000001a79cbf0000, 0x000001a79ce60000, 0x000001a7a4050000]
CodeHeap 'profiled nmethods': size=119104Kb used=41Kb max_used=41Kb free=119062Kb
 bounds [0x000001a795050000, 0x000001a7952c0000, 0x000001a79c4a0000]
CodeHeap 'non-nmethods': size=7488Kb used=1157Kb max_used=1168Kb free=6330Kb
 bounds [0x000001a79c4a0000, 0x000001a79c710000, 0x000001a79cbf0000]
 total_blobs=325 nmethods=33 adapters=197
 compilation: enabled
              stopped_count=0, restarted_count=0
 full_count=0

Compilation events (20 events):
Event: 0.753 Thread 0x000001a7b00faf50 nmethod 23 0x000001a795057990 code [0x000001a795057b40, 0x000001a795057d68]
Event: 0.753 Thread 0x000001a7b00faf50   25       3       java.util.Set::of (68 bytes)
Event: 0.754 Thread 0x000001a7b00faf50 nmethod 25 0x000001a795057e90 code [0x000001a7950580c0, 0x000001a7950588a8]
Event: 0.755 Thread 0x000001a7b00a41a0 nmethod 13 0x000001a79cbf0310 code [0x000001a79cbf0480, 0x000001a79cbf0638]
Event: 0.756 Thread 0x000001a7b00faf50   26       3       java.lang.String::coder (15 bytes)
Event: 0.756 Thread 0x000001a7b00faf50 nmethod 26 0x000001a795058b90 code [0x000001a795058d20, 0x000001a795058e58]
Event: 0.756 Thread 0x000001a7b00faf50   27       3       java.lang.String::length (11 bytes)
Event: 0.756 Thread 0x000001a7b00faf50 nmethod 27 0x000001a795058f10 code [0x000001a7950590c0, 0x000001a795059268]
Event: 0.756 Thread 0x000001a7b00faf50   28       1       java.lang.module.ModuleDescriptor::name (5 bytes)
Event: 0.756 Thread 0x000001a7b00faf50 nmethod 28 0x000001a79cbf0710 code [0x000001a79cbf08a0, 0x000001a79cbf0970]
Event: 0.756 Thread 0x000001a7b00faf50   29       3       java.lang.String::charAt (25 bytes)
Event: 0.756 Thread 0x000001a7b00faf50 nmethod 29 0x000001a795059390 code [0x000001a795059560, 0x000001a7950598f0]
Event: 0.756 Thread 0x000001a7b00faf50   30       3       java.lang.StringLatin1::charAt (15 bytes)
Event: 0.756 Thread 0x000001a7b00faf50 nmethod 30 0x000001a795059a90 code [0x000001a795059c40, 0x000001a795059e08]
Event: 0.756 Thread 0x000001a7b00faf50   31       3       java.lang.String::checkIndex (10 bytes)
Event: 0.756 Thread 0x000001a7b00faf50 nmethod 31 0x000001a795059f10 code [0x000001a79505a0a0, 0x000001a79505a1d8]
Event: 0.756 Thread 0x000001a7b00faf50   32       3       jdk.internal.util.Preconditions::checkIndex (18 bytes)
Event: 0.757 Thread 0x000001a7b00faf50 nmethod 32 0x000001a79505a290 code [0x000001a79505a440, 0x000001a79505a5d0]
Event: 0.757 Thread 0x000001a7b00faf50   33       1       java.lang.module.ModuleReference::descriptor (5 bytes)
Event: 0.757 Thread 0x000001a7b00faf50 nmethod 33 0x000001a79cbf0a10 code [0x000001a79cbf0ba0, 0x000001a79cbf0c70]

GC Heap History (0 events):
No events

Dll operation events (2 events):
Event: 0.114 Loaded shared library C:\Users\Noite\.p2\pool\plugins\org.eclipse.justj.openjdk.hotspot.jre.full.win32.x86_64_22.0.2.v20240802-1626\jre\bin\java.dll
Event: 0.127 Loaded shared library C:\Users\Noite\.p2\pool\plugins\org.eclipse.justj.openjdk.hotspot.jre.full.win32.x86_64_22.0.2.v20240802-1626\jre\bin\zip.dll

Deoptimization events (0 events):
No events

Classes loaded (20 events):
Event: 0.758 Loading class jdk/internal/access/JavaSecurityAccess
Event: 0.758 Loading class jdk/internal/access/JavaSecurityAccess done
Event: 0.758 Loading class java/security/ProtectionDomain$JavaSecurityAccessImpl done
Event: 0.759 Loading class java/security/ProtectionDomain$Key
Event: 0.759 Loading class java/security/ProtectionDomain$Key done
Event: 0.759 Loading class java/security/Principal
Event: 0.759 Loading class java/security/Principal done
Event: 0.759 Loading class jdk/internal/loader/URLClassPath
Event: 0.759 Loading class jdk/internal/loader/URLClassPath done
Event: 0.759 Loading class java/net/URL$DefaultFactory
Event: 0.759 Loading class java/net/URLStreamHandlerFactory
Event: 0.759 Loading class java/net/URLStreamHandlerFactory done
Event: 0.759 Loading class java/net/URL$DefaultFactory done
Event: 0.759 Loading class java/net/URL$3
Event: 0.759 Loading class jdk/internal/access/JavaNetURLAccess
Event: 0.759 Loading class jdk/internal/access/JavaNetURLAccess done
Event: 0.759 Loading class java/net/URL$3 done
Event: 0.759 Loading class java/io/File$PathStatus
Event: 0.759 Loading class java/io/File$PathStatus done
Event: 0.760 Loading class sun/net/www/ParseUtil

Classes unloaded (0 events):
No events

Classes redefined (0 events):
No events

Internal exceptions (0 events):
No events

ZGC Phase Switch (0 events):
No events

VM Operations (0 events):
No events

Memory protections (0 events):
No events

Nmethod flushes (0 events):
No events

Events (9 events):
Event: 0.126 Thread 0x000001a78f2a0240 Thread added: 0x000001a78f2a0240
Event: 0.729 Thread 0x000001a78f2a0240 Thread added: 0x000001a7b00728f0
Event: 0.729 Thread 0x000001a78f2a0240 Thread added: 0x000001a7b0075710
Event: 0.730 Thread 0x000001a78f2a0240 Thread added: 0x000001a7b007f340
Event: 0.731 Thread 0x000001a78f2a0240 Thread added: 0x000001a7b007fda0
Event: 0.731 Thread 0x000001a78f2a0240 Thread added: 0x000001a7b007afb0
Event: 0.731 Thread 0x000001a78f2a0240 Thread added: 0x000001a7b007ba10
Event: 0.731 Thread 0x000001a78f2a0240 Thread added: 0x000001a7b00a41a0
Event: 0.738 Thread 0x000001a78f2a0240 Thread added: 0x000001a7b00faf50


Dynamic libraries:
0x00007ff6993a0000 - 0x00007ff6993ae000 	C:\Users\Noite\.p2\pool\plugins\org.eclipse.justj.openjdk.hotspot.jre.full.win32.x86_64_22.0.2.v20240802-1626\jre\bin\javaw.exe
0x00007fff7f030000 - 0x00007fff7f247000 	C:\WINDOWS\SYSTEM32\ntdll.dll
0x00007fff7db20000 - 0x00007fff7dbe4000 	C:\WINDOWS\System32\KERNEL32.DLL
0x00007fff7c350000 - 0x00007fff7c6fd000 	C:\WINDOWS\System32\KERNELBASE.dll
0x00007fff7c770000 - 0x00007fff7c881000 	C:\WINDOWS\System32\ucrtbase.dll
0x00007fff6f3c0000 - 0x00007fff6f3d7000 	C:\Users\Noite\.p2\pool\plugins\org.eclipse.justj.openjdk.hotspot.jre.full.win32.x86_64_22.0.2.v20240802-1626\jre\bin\jli.dll
0x00007fff7d400000 - 0x00007fff7d5ae000 	C:\WINDOWS\System32\USER32.dll
0x00007fff7c890000 - 0x00007fff7c8b6000 	C:\WINDOWS\System32\win32u.dll
0x00007fff7d650000 - 0x00007fff7d679000 	C:\WINDOWS\System32\GDI32.dll
0x00007fff7ca00000 - 0x00007fff7cb19000 	C:\WINDOWS\System32\gdi32full.dll
0x00007fff7cb20000 - 0x00007fff7cbba000 	C:\WINDOWS\System32\msvcp_win.dll
0x00007fff5eb30000 - 0x00007fff5eb4b000 	C:\Users\Noite\.p2\pool\plugins\org.eclipse.justj.openjdk.hotspot.jre.full.win32.x86_64_22.0.2.v20240802-1626\jre\bin\VCRUNTIME140.dll
0x00007fff52260000 - 0x00007fff524f3000 	C:\WINDOWS\WinSxS\amd64_microsoft.windows.common-controls_6595b64144ccf1df_6.0.22621.3672_none_2713b9d173822955\COMCTL32.dll
0x00007fff7e0b0000 - 0x00007fff7e157000 	C:\WINDOWS\System32\msvcrt.dll
0x00007fff7d6b0000 - 0x00007fff7d6e1000 	C:\WINDOWS\System32\IMM32.DLL
0x00007fff6f400000 - 0x00007fff6f40c000 	C:\Users\Noite\.p2\pool\plugins\org.eclipse.justj.openjdk.hotspot.jre.full.win32.x86_64_22.0.2.v20240802-1626\jre\bin\vcruntime140_1.dll
0x00007fff3f0a0000 - 0x00007fff3f12e000 	C:\Users\Noite\.p2\pool\plugins\org.eclipse.justj.openjdk.hotspot.jre.full.win32.x86_64_22.0.2.v20240802-1626\jre\bin\msvcp140.dll
0x00007fff3bae0000 - 0x00007fff3c8a3000 	C:\Users\Noite\.p2\pool\plugins\org.eclipse.justj.openjdk.hotspot.jre.full.win32.x86_64_22.0.2.v20240802-1626\jre\bin\server\jvm.dll
0x00007fff7e3f0000 - 0x00007fff7e4a2000 	C:\WINDOWS\System32\ADVAPI32.dll
0x00007fff7ef30000 - 0x00007fff7efd9000 	C:\WINDOWS\System32\sechost.dll
0x00007fff7cbc0000 - 0x00007fff7cbe8000 	C:\WINDOWS\System32\bcrypt.dll
0x00007fff7df80000 - 0x00007fff7e094000 	C:\WINDOWS\System32\RPCRT4.dll
0x00007fff7e4b0000 - 0x00007fff7e521000 	C:\WINDOWS\System32\WS2_32.dll
0x00007fff7c220000 - 0x00007fff7c26d000 	C:\WINDOWS\SYSTEM32\POWRPROF.dll
0x00007fff756a0000 - 0x00007fff756d4000 	C:\WINDOWS\SYSTEM32\WINMM.dll
0x00007fff74f00000 - 0x00007fff74f0a000 	C:\WINDOWS\SYSTEM32\VERSION.dll
0x00007fff7c200000 - 0x00007fff7c213000 	C:\WINDOWS\SYSTEM32\UMPDC.dll
0x00007fff7b3a0000 - 0x00007fff7b3b8000 	C:\WINDOWS\SYSTEM32\kernel.appcore.dll
0x00007fff6f210000 - 0x00007fff6f21a000 	C:\Users\Noite\.p2\pool\plugins\org.eclipse.justj.openjdk.hotspot.jre.full.win32.x86_64_22.0.2.v20240802-1626\jre\bin\jimage.dll
0x00007fff79f20000 - 0x00007fff7a152000 	C:\WINDOWS\SYSTEM32\DBGHELP.DLL
0x00007fff7dbf0000 - 0x00007fff7df7e000 	C:\WINDOWS\System32\combase.dll
0x00007fff7e310000 - 0x00007fff7e3e7000 	C:\WINDOWS\System32\OLEAUT32.dll
0x00007fff6ff00000 - 0x00007fff6ff32000 	C:\WINDOWS\SYSTEM32\dbgcore.DLL
0x00007fff7c8c0000 - 0x00007fff7c93b000 	C:\WINDOWS\System32\bcryptPrimitives.dll
0x00007fff6f1d0000 - 0x00007fff6f1ee000 	C:\Users\Noite\.p2\pool\plugins\org.eclipse.justj.openjdk.hotspot.jre.full.win32.x86_64_22.0.2.v20240802-1626\jre\bin\java.dll
0x00007fff7e5e0000 - 0x00007fff7ee47000 	C:\WINDOWS\System32\SHELL32.dll
0x00007fff7d6f0000 - 0x00007fff7d895000 	C:\WINDOWS\System32\ole32.dll
0x00007fff6f1b0000 - 0x00007fff6f1c7000 	C:\Users\Noite\.p2\pool\plugins\org.eclipse.justj.openjdk.hotspot.jre.full.win32.x86_64_22.0.2.v20240802-1626\jre\bin\zip.dll
0x00007fff7a160000 - 0x00007fff7aa5f000 	C:\WINDOWS\SYSTEM32\windows.storage.dll
0x00007fff7aa90000 - 0x00007fff7abcf000 	C:\WINDOWS\SYSTEM32\wintypes.dll
0x00007fff7d8a0000 - 0x00007fff7d999000 	C:\WINDOWS\System32\SHCORE.dll
0x00007fff7eed0000 - 0x00007fff7ef2e000 	C:\WINDOWS\System32\shlwapi.dll
0x00007fff7c280000 - 0x00007fff7c2a7000 	C:\WINDOWS\SYSTEM32\profapi.dll

dbghelp: loaded successfully - version: 4.0.5 - missing functions: none
symbol engine: initialized successfully - sym options: 0x614 - pdb path: .;C:\Users\Noite\.p2\pool\plugins\org.eclipse.justj.openjdk.hotspot.jre.full.win32.x86_64_22.0.2.v20240802-1626\jre\bin;C:\WINDOWS\SYSTEM32;C:\WINDOWS\WinSxS\amd64_microsoft.windows.common-controls_6595b64144ccf1df_6.0.22621.3672_none_2713b9d173822955;C:\Users\Noite\.p2\pool\plugins\org.eclipse.justj.openjdk.hotspot.jre.full.win32.x86_64_22.0.2.v20240802-1626\jre\bin\server

VM Arguments:
jvm_args: -Dfile.encoding=UTF-8 -Dstdout.encoding=UTF-8 -Dstderr.encoding=UTF-8 -XX:+ShowCodeDetailsInExceptionMessages 
java_command: javaCurso2024.Laboratorio2
java_class_path (initial): C:\Users\Noite\eclipse-workspace\javaCurso2024\bin
Launcher Type: SUN_STANDARD

[Global flags]
     intx CICompilerCount                          = 12                                        {product} {ergonomic}
     uint ConcGCThreads                            = 3                                         {product} {ergonomic}
     uint G1ConcRefinementThreads                  = 13                                        {product} {ergonomic}
   size_t G1HeapRegionSize                         = 2097152                                   {product} {ergonomic}
   size_t InitialHeapSize                          = 232783872                                 {product} {ergonomic}
   size_t MarkStackSize                            = 4194304                                   {product} {ergonomic}
   size_t MaxHeapSize                              = 3720347648                                {product} {ergonomic}
   size_t MaxNewSize                               = 2231369728                                {product} {ergonomic}
   size_t MinHeapDeltaBytes                        = 2097152                                   {product} {ergonomic}
   size_t MinHeapSize                              = 8388608                                   {product} {ergonomic}
    uintx NonNMethodCodeHeapSize                   = 7602480                                {pd product} {ergonomic}
    uintx NonProfiledCodeHeapSize                  = 122027880                              {pd product} {ergonomic}
    uintx ProfiledCodeHeapSize                     = 122027880                              {pd product} {ergonomic}
    uintx ReservedCodeCacheSize                    = 251658240                              {pd product} {ergonomic}
     bool SegmentedCodeCache                       = true                                      {product} {ergonomic}
     bool ShowCodeDetailsInExceptionMessages       = true                                   {manageable} {command line}
   size_t SoftMaxHeapSize                          = 3720347648                             {manageable} {ergonomic}
     bool UseCompressedOops                        = true                           {product lp64_product} {ergonomic}
     bool UseG1GC                                  = true                                      {product} {ergonomic}
     bool UseLargePagesIndividualAllocation        = false                                  {pd product} {ergonomic}

Logging:
Log output configuration:
 #0: stdout all=warning uptime,level,tags foldmultilines=false
 #1: stderr all=off uptime,level,tags foldmultilines=false

Environment Variables:
PATH=C:/Users/Noite/.p2/pool/plugins/org.eclipse.justj.openjdk.hotspot.jre.full.win32.x86_64_22.0.2.v20240802-1626/jre/bin/server;C:/Users/Noite/.p2/pool/plugins/org.eclipse.justj.openjdk.hotspot.jre.full.win32.x86_64_22.0.2.v20240802-1626/jre/bin;C:\Program Files\Common Files\Oracle\Java\javapath;C:\Program Files (x86)\Common Files\Oracle\Java\javapath;C:\Windows\system32;C:\Windows;C:\Windows\System32\Wbem;C:\Windows\System32\WindowsPowerShell\v1.0\;C:\Windows\System32\OpenSSH\;C:\Program Files (x86)\NVIDIA Corporation\PhysX\Common;C:\Program Files\dotnet\;C:\Program Files\NVIDIA Corporation\NVIDIA NvDLISR;C:\WINDOWS\system32;C:\WINDOWS;C:\WINDOWS\System32\Wbem;C:\WINDOWS\System32\WindowsPowerShell\v1.0\;C:\WINDOWS\System32\OpenSSH\;C:\Program Files\nodejs\;C:\gradle\gradle-7.6.3;C:\Users\Noite\AppData\Local\Microsoft\WindowsApps;C:\Users\Noite\AppData\Local\Programs\Microsoft VS Code\bin;C:\Users\Noite\AppData\Roaming\npm;C:\Users\Noite\AppData\Local\Programs\Git\cmd;C:\Users\Noite\Desktop;
USERNAME=Noite
OS=Windows_NT
PROCESSOR_IDENTIFIER=AMD64 Family 25 Model 80 Stepping 0, AuthenticAMD
TMP=C:\Users\Noite\AppData\Local\Temp
TEMP=C:\Users\Noite\AppData\Local\Temp




Periodic native trim disabled

---------------  S Y S T E M  ---------------

OS:
 Windows 11 , 64 bit Build 22621 (10.0.22621.3958)
OS uptime: 10 days 5:08 hours

CPU: total 16 (initial active 16) (16 cores per cpu, 2 threads per core) family 25 model 80 stepping 0 microcode 0x0, cx8, cmov, fxsr, ht, mmx, 3dnowpref, sse, sse2, sse3, ssse3, sse4a, sse4.1, sse4.2, popcnt, lzcnt, tsc, tscinvbit, avx, avx2, aes, erms, clmul, bmi1, bmi2, adx, sha, fma, vzeroupper, clflush, clflushopt, rdtscp, rdpid, fsrm, f16c, pku, cet_ss
Processor Information for all 16 processors :
  Max Mhz: 3201, Current Mhz: 3201, Mhz Limit: 3201

Memory: 4k page, system-wide physical 14188M (2778M free)
TotalPageFile size 57196M (AvailPageFile size 3793M)
current process WorkingSet (physical memory assigned to process): 29M, peak: 29M
current process commit charge ("private bytes"): 306M, peak: 306M

vm_info: OpenJDK 64-Bit Server VM (22.0.2+9) for windows-amd64 JRE (22.0.2+9), built on 2024-07-16T00:00:00Z by "admin" with MS VC++ 17.7 (VS2022)

END.
