#
# There is insufficient memory for the Java Runtime Environment to continue.
# Native memory allocation (mmap) failed to map 65536 bytes. Error detail: Failed to commit metaspace.
# Possible reasons:
#   The system is out of physical RAM or swap space
#   This process is running with CompressedOops enabled, and the Java Heap may be blocking the growth of the native heap
# Possible solutions:
#   Reduce memory load on the system
#   Increase physical memory or swap space
#   Check if swap backing store is full
#   Decrease Java heap size (-Xmx/-Xms)
#   Decrease number of Java threads
#   Decrease Java thread stack sizes (-Xss)
#   Set larger code cache with -XX:ReservedCodeCacheSize=
#   JVM is running with Zero Based Compressed Oops mode in which the Java heap is
#     placed in the first 32GB address space. The Java Heap base address is the
#     maximum limit for the native heap growth. Please use -XX:HeapBaseMinAddress
#     to set the Java Heap base and to place the Java Heap above 32GB virtual address.
# This output file may be truncated or incomplete.
#
#  Out of Memory Error (virtualSpaceNode.cpp:112), pid=22572, tid=17388
#
# JRE version: OpenJDK Runtime Environment Temurin-22.0.2+9 (22.0.2+9) (build 22.0.2+9)
# Java VM: OpenJDK 64-Bit Server VM Temurin-22.0.2+9 (22.0.2+9, mixed mode, tiered, compressed oops, compressed class ptrs, g1 gc, windows-amd64)
# No core dump will be written. Minidumps are not enabled by default on client versions of Windows
#

---------------  S U M M A R Y ------------

Command Line: -Dfile.encoding=UTF-8 -Dstdout.encoding=UTF-8 -Dstderr.encoding=UTF-8 -XX:+ShowCodeDetailsInExceptionMessages javaCurso2024.Laboratorio2

Host: AMD Ryzen 7 5800H with Radeon Graphics         , 16 cores, 13G,  Windows 11 , 64 bit Build 22621 (10.0.22621.3958)
Time: Thu Sep 26 20:54:33 2024 Hora oficial do Brasil elapsed time: 0.160582 seconds (0d 0h 0m 0s)

---------------  T H R E A D  ---------------

Current thread (0x0000014561bdda10):  JavaThread "main"             [_thread_in_vm, id=17388, stack(0x000000395f700000,0x000000395f800000) (1024K)]

Stack: [0x000000395f700000,0x000000395f800000]
Native frames: (J=compiled Java code, j=interpreted, Vv=VM code, C=native code)
V  [jvm.dll+0x6ea6a9]  (no source info available)
V  [jvm.dll+0x8cdbf3]  (no source info available)
V  [jvm.dll+0x8d001e]  (no source info available)
V  [jvm.dll+0x8d06f3]  (no source info available)
V  [jvm.dll+0x286dc6]  (no source info available)
V  [jvm.dll+0x8c998e]  (no source info available)
V  [jvm.dll+0x68c215]  (no source info available)
V  [jvm.dll+0x68c27a]  (no source info available)
V  [jvm.dll+0x68ea97]  (no source info available)
V  [jvm.dll+0x22b33c]  (no source info available)
V  [jvm.dll+0x68cc2e]  (no source info available)
V  [jvm.dll+0x2719c0]  (no source info available)
V  [jvm.dll+0x21bb27]  (no source info available)
V  [jvm.dll+0x21146e]  (no source info available)
V  [jvm.dll+0x5ca68c]  (no source info available)
V  [jvm.dll+0x222aea]  (no source info available)
V  [jvm.dll+0x8438ac]  (no source info available)
V  [jvm.dll+0x844906]  (no source info available)
V  [jvm.dll+0x844f14]  (no source info available)
V  [jvm.dll+0x844b98]  (no source info available)
V  [jvm.dll+0x273fbb]  (no source info available)
V  [jvm.dll+0x2741ea]  (no source info available)
V  [jvm.dll+0x5ee107]  (no source info available)
V  [jvm.dll+0x5f10ff]  (no source info available)
V  [jvm.dll+0x3e448d]  (no source info available)
V  [jvm.dll+0x3e3a7d]  (no source info available)
C  0x000001456ee298b1  (no source info available)

The last pc belongs to invokestatic (printed below).
Java frames: (J=compiled Java code, j=interpreted, Vv=VM code)
j  java.lang.StackTraceElement.isHashedInJavaBase(Ljava/lang/Module;)Z+19 java.base@22.0.2
j  java.lang.StackTraceElement.computeFormat()V+33 java.base@22.0.2
j  java.lang.StackTraceElement.of([Ljava/lang/StackTraceElement;)[Ljava/lang/StackTraceElement;+19 java.base@22.0.2
j  java.lang.StackTraceElement.of(Ljava/lang/Object;I)[Ljava/lang/StackTraceElement;+35 java.base@22.0.2
j  java.lang.Throwable.getOurStackTrace()[Ljava/lang/StackTraceElement;+33 java.base@22.0.2
j  java.lang.Throwable.getStackTrace()[Ljava/lang/StackTraceElement;+1 java.base@22.0.2
v  ~StubRoutines::call_stub 0x000001456ee1100d
j  java.io.FileCleanable.register(Ljava/io/FileDescriptor;)V+37 java.base@22.0.2
j  java.io.FileInputStream.<init>(Ljava/io/File;)V+103 java.base@22.0.2
j  jdk.internal.loader.URLClassPath$FileLoader$1.getInputStream()Ljava/io/InputStream;+8 java.base@22.0.2
j  jdk.internal.loader.Resource.cachedInputStream()Ljava/io/InputStream;+9 java.base@22.0.2
j  jdk.internal.loader.Resource.getByteBuffer()Ljava/nio/ByteBuffer;+1 java.base@22.0.2
j  jdk.internal.loader.BuiltinClassLoader.defineClass(Ljava/lang/String;Ljdk/internal/loader/Resource;)Ljava/lang/Class;+45 java.base@22.0.2
j  jdk.internal.loader.BuiltinClassLoader.findClassOnClassPathOrNull(Ljava/lang/String;)Ljava/lang/Class;+37 java.base@22.0.2
j  jdk.internal.loader.BuiltinClassLoader.loadClassOrNull(Ljava/lang/String;Z)Ljava/lang/Class;+111 java.base@22.0.2
j  jdk.internal.loader.BuiltinClassLoader.loadClass(Ljava/lang/String;Z)Ljava/lang/Class;+3 java.base@22.0.2
j  jdk.internal.loader.ClassLoaders$AppClassLoader.loadClass(Ljava/lang/String;Z)Ljava/lang/Class;+36 java.base@22.0.2
j  java.lang.ClassLoader.loadClass(Ljava/lang/String;)Ljava/lang/Class;+3 java.base@22.0.2
v  ~StubRoutines::call_stub 0x000001456ee1100d
j  java.lang.Class.forName0(Ljava/lang/String;ZLjava/lang/ClassLoader;Ljava/lang/Class;)Ljava/lang/Class;+0 java.base@22.0.2
j  java.lang.Class.forName(Ljava/lang/String;ZLjava/lang/ClassLoader;Ljava/lang/Class;)Ljava/lang/Class;+37 java.base@22.0.2
j  java.lang.Class.forName(Ljava/lang/String;ZLjava/lang/ClassLoader;)Ljava/lang/Class;+20 java.base@22.0.2
j  sun.launcher.LauncherHelper.loadMainClass(ILjava/lang/String;)Ljava/lang/Class;+95 java.base@22.0.2
j  sun.launcher.LauncherHelper.checkAndLoadMain(ZILjava/lang/String;)Ljava/lang/Class;+42 java.base@22.0.2
v  ~StubRoutines::call_stub 0x000001456ee1100d
invokestatic  184 invokestatic  [0x000001456ee29800, 0x000001456ee29ac8]  712 bytes
[MachCode]
  0x000001456ee29800: 4883 ec08 | c5fa 1104 | 24eb 1f48 | 83ec 10c5 | fb11 0424 | eb14 4883 | ec10 4889 | 0424 48c7 
  0x000001456ee29820: 4424 0800 | 0000 00eb | 0150 488b | 4dd0 410f | b755 0148 | 8b49 306b | d218 488d | 4c11 080f 
  0x000001456ee29840: b659 1681 | fbb8 0000 | 000f 84bd | 0000 00bb | b800 0000 | e805 0000 | 00e9 9900 | 0000 488b 
  0x000001456ee29860: d348 8d44 | 2408 4c89 | 6dc0 498b | cfc5 f877 | 4989 afb0 | 0300 0049 | 8987 a003 | 0000 4883 
  0x000001456ee29880: ec20 40f6 | c40f 0f84 | 1900 0000 | 4883 ec08 | 48b8 103a | ec3b ff7f | 0000 ffd0 | 4883 c408 
  0x000001456ee298a0: e90c 0000 | 0048 b810 | 3aec 3bff | 7f00 00ff | d048 83c4 | 2049 c787 | a003 0000 | 0000 0000 
  0x000001456ee298c0: 49c7 87b0 | 0300 0000 | 0000 0049 | c787 a803 | 0000 0000 | 0000 c5f8 | 7749 837f | 0800 0f84 
  0x000001456ee298e0: 0500 0000 | e917 76fe | ff4c 8b6d | c04c 8b75 | c84e 8d74 | f500 c348 | 8b4d d041 | 0fb7 5501 
  0x000001456ee29900: 488b 4930 | 6bd2 1848 | 8d4c 1108 | 488b 1948 | 8b5b 0848 | 8b5b 0848 | 8b5b 1880 | bb20 0100 
  0x000001456ee29920: 0005 0f84 | 0d00 0000 | 4c3b bb30 | 0100 000f | 851a ffff | ff0f b651 | 1548 8b19 | 4c89 6dc0 
  0x000001456ee29940: 448b ea0f | b651 1449 | bac0 0c7d | 3cff 7f00 | 0049 8b14 | d252 418b | d54c 8b6d | c048 8b45 
  0x000001456ee29960: d848 85c0 | 0f84 1200 | 0000 4883 | 4008 0148 | 8358 0800 | 4883 c010 | 4889 45d8 | 488b 45d8 
  0x000001456ee29980: 4885 c00f | 8423 0100 | 0080 78f0 | 0a0f 8519 | 0100 0048 | 83c0 084c | 8b68 f841 | 83ed 0041 
  0x000001456ee299a0: 83fd 020f | 8cf8 0000 | 004c 8b6b | 0845 0fb7 | 6d2e 4c2b | 2841 83ed | 014e 8b6c | ec08 4d85 
  0x000001456ee299c0: ed75 0ef6 | 4008 0175 | 4bf0 4883 | 4808 01eb | 4345 8b6d | 084d 8bd5 | 4c33 6808 | 49f7 c5fc 
  0x000001456ee299e0: ffff ff74 | 2f41 f6c5 | 0275 2948 | 8378 0800 | 741e 4883 | 7808 0174 | 174d 8bea | 4c33 6808 
  0x000001456ee29a00: 49f7 c5fc | ffff ff74 | 0b48 8348 | 0802 eb04 | 4c89 6808 | 4883 c010 | 4c8b 68e8 | 4183 ed02 
  0x000001456ee29a20: 4183 fd02 | 0f8c 7700 | 0000 4c8b | 6b08 450f | b76d 2e4c | 2b28 4183 | ed01 4e8b | 6cec 084d 
  0x000001456ee29a40: 85ed 750e | f640 0801 | 754b f048 | 8348 0801 | eb43 458b | 6d08 4d8b | d54c 3368 | 0849 f7c5 
  0x000001456ee29a60: fcff ffff | 742f 41f6 | c502 7529 | 4883 7808 | 0074 1e48 | 8378 0801 | 7417 4d8b | ea4c 3368 
  0x000001456ee29a80: 0849 f7c5 | fcff ffff | 740b 4883 | 4808 02eb | 044c 8968 | 0848 83c0 | 104c 8b68 | d841 83ed 
  0x000001456ee29aa0: 0441 c1e5 | 0349 03c5 | 4889 45d8 | 4c8d 6c24 | 0849 8bcd | 482b cd48 | c1f9 0348 | 894d f0ff 
  0x000001456ee29ac0: 6350 660f | 1f44 0000 
[/MachCode]

---------------  P R O C E S S  ---------------

Threads class SMR info:
_java_thread_list=0x000001457ea46270, length=11, elements={
0x0000014561bdda10, 0x000001457e8a6a90, 0x000001457e8a7230, 0x000001457e8c2f50,
0x000001457e8c64b0, 0x000001457e8c6f10, 0x000001457e8d1e80, 0x000001457e8d24f0,
0x000001457e8aca20, 0x000001457e7b9ec0, 0x000001457ea7bea0
}

Java Threads: ( => current thread )
=>0x0000014561bdda10 JavaThread "main"                              [_thread_in_vm, id=17388, stack(0x000000395f700000,0x000000395f800000) (1024K)]
  0x000001457e8a6a90 JavaThread "Reference Handler"          daemon [_thread_blocked, id=16476, stack(0x000000395ff00000,0x0000003960000000) (1024K)]
  0x000001457e8a7230 JavaThread "Finalizer"                  daemon [_thread_blocked, id=28860, stack(0x0000003960000000,0x0000003960100000) (1024K)]
  0x000001457e8c2f50 JavaThread "Signal Dispatcher"          daemon [_thread_blocked, id=23364, stack(0x0000003960100000,0x0000003960200000) (1024K)]
  0x000001457e8c64b0 JavaThread "Attach Listener"            daemon [_thread_blocked, id=40732, stack(0x0000003960200000,0x0000003960300000) (1024K)]
  0x000001457e8c6f10 JavaThread "Service Thread"             daemon [_thread_blocked, id=39272, stack(0x0000003960300000,0x0000003960400000) (1024K)]
  0x000001457e8d1e80 JavaThread "Monitor Deflation Thread"   daemon [_thread_blocked, id=39352, stack(0x0000003960400000,0x0000003960500000) (1024K)]
  0x000001457e8d24f0 JavaThread "C2 CompilerThread0"         daemon [_thread_blocked, id=39568, stack(0x0000003960500000,0x0000003960600000) (1024K)]
  0x000001457e8aca20 JavaThread "C1 CompilerThread0"         daemon [_thread_blocked, id=16980, stack(0x0000003960600000,0x0000003960700000) (1024K)]
  0x000001457e7b9ec0 JavaThread "C1 CompilerThread1"         daemon [_thread_blocked, id=40076, stack(0x0000003960700000,0x0000003960800000) (1024K)]
  0x000001457ea7bea0 JavaThread "Notification Thread"        daemon [_thread_blocked, id=24920, stack(0x0000003960800000,0x0000003960900000) (1024K)]
Total: 11

Other Threads:
  0x000001457e824a20 VMThread "VM Thread"                           [id=37760, stack(0x000000395fe00000,0x000000395ff00000) (1024K)]
  0x000001457e7b8e10 WatcherThread "VM Periodic Task Thread"        [id=40648, stack(0x000000395fd00000,0x000000395fe00000) (1024K)]
  0x0000014563f29540 WorkerThread "GC Thread#0"                     [id=39100, stack(0x000000395f800000,0x000000395f900000) (1024K)]
  0x0000014563f382f0 ConcurrentGCThread "G1 Main Marker"            [id=37352, stack(0x000000395f900000,0x000000395fa00000) (1024K)]
  0x0000014563f39750 WorkerThread "G1 Conc#0"                       [id=39132, stack(0x000000395fa00000,0x000000395fb00000) (1024K)]
  0x0000014563f8e4f0 ConcurrentGCThread "G1 Refine#0"               [id=40640, stack(0x000000395fb00000,0x000000395fc00000) (1024K)]
  0x000001457e68a2f0 ConcurrentGCThread "G1 Service"                [id=40644, stack(0x000000395fc00000,0x000000395fd00000) (1024K)]
Total: 7

Threads with active compile tasks:
Total: 0

VM state: not at safepoint (normal execution)

VM Mutex/Monitor currently owned by a thread:  ([mutex/lock_event])
[0x00007fff3c7bef00] Metaspace_lock - owner thread: 0x0000014561bdda10

OutOfMemory and StackOverflow Exception counts:
OutOfMemoryError java_heap_errors=1

Heap address: 0x0000000722400000, size: 3548 MB, Compressed Oops mode: Zero based, Oop shift amount: 3

CDS archive(s) not mapped
Compressed class space mapped at: 0x0000000027000000-0x0000000067000000, reserved size: 1073741824
Narrow klass base: 0x0000000000000000, Narrow klass shift: 0, Narrow klass range: 0x67000000

GC Precious Log:
 CardTable entry size: 512
 Card Set container configuration: InlinePtr #cards 4 size 8 Array Of Cards #cards 16 size 48 Howl #buckets 8 coarsen threshold 3686 Howl Bitmap #cards 512 size 80 coarsen threshold 460 Card regions per heap region 1 cards per card region 4096
 CPUs: 16 total, 16 available
 Memory: 14188M
 Large Page Support: Disabled
 NUMA Support: Disabled
 Compressed Oops: Enabled (Zero based)
 Heap Region Size: 2M
 Heap Min Capacity: 8M
 Heap Initial Capacity: 222M
 Heap Max Capacity: 3548M
 Pre-touch: Disabled
 Parallel Workers: 13
 Concurrent Workers: 3
 Concurrent Refinement Workers: 13
 Periodic GC: Disabled

Heap:
 garbage-first heap   total reserved 3633152K, committed 227328K, used 0K [0x0000000722400000, 0x0000000800000000)
  region size 2048K, 1 young (2048K), 0 survivors (0K)
 Metaspace       used 4172K, committed 4224K, reserved 1114112K
  class space    used 333K, committed 384K, reserved 1048576K

Heap Regions: E=young(eden), S=young(survivor), O=old, HS=humongous(starts), HC=humongous(continues), CS=collection set, F=free, TAMS=top-at-mark-start, PB=parsable bottom
|   0|0x0000000722400000, 0x0000000722400000, 0x0000000722600000|  0%| F|  |TAMS 0x0000000722400000| PB 0x0000000722400000| Untracked |  0
|   1|0x0000000722600000, 0x0000000722600000, 0x0000000722800000|  0%| F|  |TAMS 0x0000000722600000| PB 0x0000000722600000| Untracked |  0
|   2|0x0000000722800000, 0x0000000722800000, 0x0000000722a00000|  0%| F|  |TAMS 0x0000000722800000| PB 0x0000000722800000| Untracked |  0
|   3|0x0000000722a00000, 0x0000000722a00000, 0x0000000722c00000|  0%| F|  |TAMS 0x0000000722a00000| PB 0x0000000722a00000| Untracked |  0
|   4|0x0000000722c00000, 0x0000000722c00000, 0x0000000722e00000|  0%| F|  |TAMS 0x0000000722c00000| PB 0x0000000722c00000| Untracked |  0
|   5|0x0000000722e00000, 0x0000000722e00000, 0x0000000723000000|  0%| F|  |TAMS 0x0000000722e00000| PB 0x0000000722e00000| Untracked |  0
|   6|0x0000000723000000, 0x0000000723000000, 0x0000000723200000|  0%| F|  |TAMS 0x0000000723000000| PB 0x0000000723000000| Untracked |  0
|   7|0x0000000723200000, 0x0000000723200000, 0x0000000723400000|  0%| F|  |TAMS 0x0000000723200000| PB 0x0000000723200000| Untracked |  0
|   8|0x0000000723400000, 0x0000000723400000, 0x0000000723600000|  0%| F|  |TAMS 0x0000000723400000| PB 0x0000000723400000| Untracked |  0
|   9|0x0000000723600000, 0x0000000723600000, 0x0000000723800000|  0%| F|  |TAMS 0x0000000723600000| PB 0x0000000723600000| Untracked |  0
|  10|0x0000000723800000, 0x0000000723800000, 0x0000000723a00000|  0%| F|  |TAMS 0x0000000723800000| PB 0x0000000723800000| Untracked |  0
|  11|0x0000000723a00000, 0x0000000723a00000, 0x0000000723c00000|  0%| F|  |TAMS 0x0000000723a00000| PB 0x0000000723a00000| Untracked |  0
|  12|0x0000000723c00000, 0x0000000723c00000, 0x0000000723e00000|  0%| F|  |TAMS 0x0000000723c00000| PB 0x0000000723c00000| Untracked |  0
|  13|0x0000000723e00000, 0x0000000723e00000, 0x0000000724000000|  0%| F|  |TAMS 0x0000000723e00000| PB 0x0000000723e00000| Untracked |  0
|  14|0x0000000724000000, 0x0000000724000000, 0x0000000724200000|  0%| F|  |TAMS 0x0000000724000000| PB 0x0000000724000000| Untracked |  0
|  15|0x0000000724200000, 0x0000000724200000, 0x0000000724400000|  0%| F|  |TAMS 0x0000000724200000| PB 0x0000000724200000| Untracked |  0
|  16|0x0000000724400000, 0x0000000724400000, 0x0000000724600000|  0%| F|  |TAMS 0x0000000724400000| PB 0x0000000724400000| Untracked |  0
|  17|0x0000000724600000, 0x0000000724600000, 0x0000000724800000|  0%| F|  |TAMS 0x0000000724600000| PB 0x0000000724600000| Untracked |  0
|  18|0x0000000724800000, 0x0000000724800000, 0x0000000724a00000|  0%| F|  |TAMS 0x0000000724800000| PB 0x0000000724800000| Untracked |  0
|  19|0x0000000724a00000, 0x0000000724a00000, 0x0000000724c00000|  0%| F|  |TAMS 0x0000000724a00000| PB 0x0000000724a00000| Untracked |  0
|  20|0x0000000724c00000, 0x0000000724c00000, 0x0000000724e00000|  0%| F|  |TAMS 0x0000000724c00000| PB 0x0000000724c00000| Untracked |  0
|  21|0x0000000724e00000, 0x0000000724e00000, 0x0000000725000000|  0%| F|  |TAMS 0x0000000724e00000| PB 0x0000000724e00000| Untracked |  0
|  22|0x0000000725000000, 0x0000000725000000, 0x0000000725200000|  0%| F|  |TAMS 0x0000000725000000| PB 0x0000000725000000| Untracked |  0
|  23|0x0000000725200000, 0x0000000725200000, 0x0000000725400000|  0%| F|  |TAMS 0x0000000725200000| PB 0x0000000725200000| Untracked |  0
|  24|0x0000000725400000, 0x0000000725400000, 0x0000000725600000|  0%| F|  |TAMS 0x0000000725400000| PB 0x0000000725400000| Untracked |  0
|  25|0x0000000725600000, 0x0000000725600000, 0x0000000725800000|  0%| F|  |TAMS 0x0000000725600000| PB 0x0000000725600000| Untracked |  0
|  26|0x0000000725800000, 0x0000000725800000, 0x0000000725a00000|  0%| F|  |TAMS 0x0000000725800000| PB 0x0000000725800000| Untracked |  0
|  27|0x0000000725a00000, 0x0000000725a00000, 0x0000000725c00000|  0%| F|  |TAMS 0x0000000725a00000| PB 0x0000000725a00000| Untracked |  0
|  28|0x0000000725c00000, 0x0000000725c00000, 0x0000000725e00000|  0%| F|  |TAMS 0x0000000725c00000| PB 0x0000000725c00000| Untracked |  0
|  29|0x0000000725e00000, 0x0000000725e00000, 0x0000000726000000|  0%| F|  |TAMS 0x0000000725e00000| PB 0x0000000725e00000| Untracked |  0
|  30|0x0000000726000000, 0x0000000726000000, 0x0000000726200000|  0%| F|  |TAMS 0x0000000726000000| PB 0x0000000726000000| Untracked |  0
|  31|0x0000000726200000, 0x0000000726200000, 0x0000000726400000|  0%| F|  |TAMS 0x0000000726200000| PB 0x0000000726200000| Untracked |  0
|  32|0x0000000726400000, 0x0000000726400000, 0x0000000726600000|  0%| F|  |TAMS 0x0000000726400000| PB 0x0000000726400000| Untracked |  0
|  33|0x0000000726600000, 0x0000000726600000, 0x0000000726800000|  0%| F|  |TAMS 0x0000000726600000| PB 0x0000000726600000| Untracked |  0
|  34|0x0000000726800000, 0x0000000726800000, 0x0000000726a00000|  0%| F|  |TAMS 0x0000000726800000| PB 0x0000000726800000| Untracked |  0
|  35|0x0000000726a00000, 0x0000000726a00000, 0x0000000726c00000|  0%| F|  |TAMS 0x0000000726a00000| PB 0x0000000726a00000| Untracked |  0
|  36|0x0000000726c00000, 0x0000000726c00000, 0x0000000726e00000|  0%| F|  |TAMS 0x0000000726c00000| PB 0x0000000726c00000| Untracked |  0
|  37|0x0000000726e00000, 0x0000000726e00000, 0x0000000727000000|  0%| F|  |TAMS 0x0000000726e00000| PB 0x0000000726e00000| Untracked |  0
|  38|0x0000000727000000, 0x0000000727000000, 0x0000000727200000|  0%| F|  |TAMS 0x0000000727000000| PB 0x0000000727000000| Untracked |  0
|  39|0x0000000727200000, 0x0000000727200000, 0x0000000727400000|  0%| F|  |TAMS 0x0000000727200000| PB 0x0000000727200000| Untracked |  0
|  40|0x0000000727400000, 0x0000000727400000, 0x0000000727600000|  0%| F|  |TAMS 0x0000000727400000| PB 0x0000000727400000| Untracked |  0
|  41|0x0000000727600000, 0x0000000727600000, 0x0000000727800000|  0%| F|  |TAMS 0x0000000727600000| PB 0x0000000727600000| Untracked |  0
|  42|0x0000000727800000, 0x0000000727800000, 0x0000000727a00000|  0%| F|  |TAMS 0x0000000727800000| PB 0x0000000727800000| Untracked |  0
|  43|0x0000000727a00000, 0x0000000727a00000, 0x0000000727c00000|  0%| F|  |TAMS 0x0000000727a00000| PB 0x0000000727a00000| Untracked |  0
|  44|0x0000000727c00000, 0x0000000727c00000, 0x0000000727e00000|  0%| F|  |TAMS 0x0000000727c00000| PB 0x0000000727c00000| Untracked |  0
|  45|0x0000000727e00000, 0x0000000727e00000, 0x0000000728000000|  0%| F|  |TAMS 0x0000000727e00000| PB 0x0000000727e00000| Untracked |  0
|  46|0x0000000728000000, 0x0000000728000000, 0x0000000728200000|  0%| F|  |TAMS 0x0000000728000000| PB 0x0000000728000000| Untracked |  0
|  47|0x0000000728200000, 0x0000000728200000, 0x0000000728400000|  0%| F|  |TAMS 0x0000000728200000| PB 0x0000000728200000| Untracked |  0
|  48|0x0000000728400000, 0x0000000728400000, 0x0000000728600000|  0%| F|  |TAMS 0x0000000728400000| PB 0x0000000728400000| Untracked |  0
|  49|0x0000000728600000, 0x0000000728600000, 0x0000000728800000|  0%| F|  |TAMS 0x0000000728600000| PB 0x0000000728600000| Untracked |  0
|  50|0x0000000728800000, 0x0000000728800000, 0x0000000728a00000|  0%| F|  |TAMS 0x0000000728800000| PB 0x0000000728800000| Untracked |  0
|  51|0x0000000728a00000, 0x0000000728a00000, 0x0000000728c00000|  0%| F|  |TAMS 0x0000000728a00000| PB 0x0000000728a00000| Untracked |  0
|  52|0x0000000728c00000, 0x0000000728c00000, 0x0000000728e00000|  0%| F|  |TAMS 0x0000000728c00000| PB 0x0000000728c00000| Untracked |  0
|  53|0x0000000728e00000, 0x0000000728e00000, 0x0000000729000000|  0%| F|  |TAMS 0x0000000728e00000| PB 0x0000000728e00000| Untracked |  0
|  54|0x0000000729000000, 0x0000000729000000, 0x0000000729200000|  0%| F|  |TAMS 0x0000000729000000| PB 0x0000000729000000| Untracked |  0
|  55|0x0000000729200000, 0x0000000729200000, 0x0000000729400000|  0%| F|  |TAMS 0x0000000729200000| PB 0x0000000729200000| Untracked |  0
|  56|0x0000000729400000, 0x0000000729400000, 0x0000000729600000|  0%| F|  |TAMS 0x0000000729400000| PB 0x0000000729400000| Untracked |  0
|  57|0x0000000729600000, 0x0000000729600000, 0x0000000729800000|  0%| F|  |TAMS 0x0000000729600000| PB 0x0000000729600000| Untracked |  0
|  58|0x0000000729800000, 0x0000000729800000, 0x0000000729a00000|  0%| F|  |TAMS 0x0000000729800000| PB 0x0000000729800000| Untracked |  0
|  59|0x0000000729a00000, 0x0000000729a00000, 0x0000000729c00000|  0%| F|  |TAMS 0x0000000729a00000| PB 0x0000000729a00000| Untracked |  0
|  60|0x0000000729c00000, 0x0000000729c00000, 0x0000000729e00000|  0%| F|  |TAMS 0x0000000729c00000| PB 0x0000000729c00000| Untracked |  0
|  61|0x0000000729e00000, 0x0000000729e00000, 0x000000072a000000|  0%| F|  |TAMS 0x0000000729e00000| PB 0x0000000729e00000| Untracked |  0
|  62|0x000000072a000000, 0x000000072a000000, 0x000000072a200000|  0%| F|  |TAMS 0x000000072a000000| PB 0x000000072a000000| Untracked |  0
|  63|0x000000072a200000, 0x000000072a200000, 0x000000072a400000|  0%| F|  |TAMS 0x000000072a200000| PB 0x000000072a200000| Untracked |  0
|  64|0x000000072a400000, 0x000000072a400000, 0x000000072a600000|  0%| F|  |TAMS 0x000000072a400000| PB 0x000000072a400000| Untracked |  0
|  65|0x000000072a600000, 0x000000072a600000, 0x000000072a800000|  0%| F|  |TAMS 0x000000072a600000| PB 0x000000072a600000| Untracked |  0
|  66|0x000000072a800000, 0x000000072a800000, 0x000000072aa00000|  0%| F|  |TAMS 0x000000072a800000| PB 0x000000072a800000| Untracked |  0
|  67|0x000000072aa00000, 0x000000072aa00000, 0x000000072ac00000|  0%| F|  |TAMS 0x000000072aa00000| PB 0x000000072aa00000| Untracked |  0
|  68|0x000000072ac00000, 0x000000072ac00000, 0x000000072ae00000|  0%| F|  |TAMS 0x000000072ac00000| PB 0x000000072ac00000| Untracked |  0
|  69|0x000000072ae00000, 0x000000072ae00000, 0x000000072b000000|  0%| F|  |TAMS 0x000000072ae00000| PB 0x000000072ae00000| Untracked |  0
|  70|0x000000072b000000, 0x000000072b000000, 0x000000072b200000|  0%| F|  |TAMS 0x000000072b000000| PB 0x000000072b000000| Untracked |  0
|  71|0x000000072b200000, 0x000000072b200000, 0x000000072b400000|  0%| F|  |TAMS 0x000000072b200000| PB 0x000000072b200000| Untracked |  0
|  72|0x000000072b400000, 0x000000072b400000, 0x000000072b600000|  0%| F|  |TAMS 0x000000072b400000| PB 0x000000072b400000| Untracked |  0
|  73|0x000000072b600000, 0x000000072b600000, 0x000000072b800000|  0%| F|  |TAMS 0x000000072b600000| PB 0x000000072b600000| Untracked |  0
|  74|0x000000072b800000, 0x000000072b800000, 0x000000072ba00000|  0%| F|  |TAMS 0x000000072b800000| PB 0x000000072b800000| Untracked |  0
|  75|0x000000072ba00000, 0x000000072ba00000, 0x000000072bc00000|  0%| F|  |TAMS 0x000000072ba00000| PB 0x000000072ba00000| Untracked |  0
|  76|0x000000072bc00000, 0x000000072bc00000, 0x000000072be00000|  0%| F|  |TAMS 0x000000072bc00000| PB 0x000000072bc00000| Untracked |  0
|  77|0x000000072be00000, 0x000000072be00000, 0x000000072c000000|  0%| F|  |TAMS 0x000000072be00000| PB 0x000000072be00000| Untracked |  0
|  78|0x000000072c000000, 0x000000072c000000, 0x000000072c200000|  0%| F|  |TAMS 0x000000072c000000| PB 0x000000072c000000| Untracked |  0
|  79|0x000000072c200000, 0x000000072c200000, 0x000000072c400000|  0%| F|  |TAMS 0x000000072c200000| PB 0x000000072c200000| Untracked |  0
|  80|0x000000072c400000, 0x000000072c400000, 0x000000072c600000|  0%| F|  |TAMS 0x000000072c400000| PB 0x000000072c400000| Untracked |  0
|  81|0x000000072c600000, 0x000000072c600000, 0x000000072c800000|  0%| F|  |TAMS 0x000000072c600000| PB 0x000000072c600000| Untracked |  0
|  82|0x000000072c800000, 0x000000072c800000, 0x000000072ca00000|  0%| F|  |TAMS 0x000000072c800000| PB 0x000000072c800000| Untracked |  0
|  83|0x000000072ca00000, 0x000000072ca00000, 0x000000072cc00000|  0%| F|  |TAMS 0x000000072ca00000| PB 0x000000072ca00000| Untracked |  0
|  84|0x000000072cc00000, 0x000000072cc00000, 0x000000072ce00000|  0%| F|  |TAMS 0x000000072cc00000| PB 0x000000072cc00000| Untracked |  0
|  85|0x000000072ce00000, 0x000000072ce00000, 0x000000072d000000|  0%| F|  |TAMS 0x000000072ce00000| PB 0x000000072ce00000| Untracked |  0
|  86|0x000000072d000000, 0x000000072d000000, 0x000000072d200000|  0%| F|  |TAMS 0x000000072d000000| PB 0x000000072d000000| Untracked |  0
|  87|0x000000072d200000, 0x000000072d200000, 0x000000072d400000|  0%| F|  |TAMS 0x000000072d200000| PB 0x000000072d200000| Untracked |  0
|  88|0x000000072d400000, 0x000000072d400000, 0x000000072d600000|  0%| F|  |TAMS 0x000000072d400000| PB 0x000000072d400000| Untracked |  0
|  89|0x000000072d600000, 0x000000072d600000, 0x000000072d800000|  0%| F|  |TAMS 0x000000072d600000| PB 0x000000072d600000| Untracked |  0
|  90|0x000000072d800000, 0x000000072d800000, 0x000000072da00000|  0%| F|  |TAMS 0x000000072d800000| PB 0x000000072d800000| Untracked |  0
|  91|0x000000072da00000, 0x000000072da00000, 0x000000072dc00000|  0%| F|  |TAMS 0x000000072da00000| PB 0x000000072da00000| Untracked |  0
|  92|0x000000072dc00000, 0x000000072dc00000, 0x000000072de00000|  0%| F|  |TAMS 0x000000072dc00000| PB 0x000000072dc00000| Untracked |  0
|  93|0x000000072de00000, 0x000000072de00000, 0x000000072e000000|  0%| F|  |TAMS 0x000000072de00000| PB 0x000000072de00000| Untracked |  0
|  94|0x000000072e000000, 0x000000072e000000, 0x000000072e200000|  0%| F|  |TAMS 0x000000072e000000| PB 0x000000072e000000| Untracked |  0
|  95|0x000000072e200000, 0x000000072e200000, 0x000000072e400000|  0%| F|  |TAMS 0x000000072e200000| PB 0x000000072e200000| Untracked |  0
|  96|0x000000072e400000, 0x000000072e400000, 0x000000072e600000|  0%| F|  |TAMS 0x000000072e400000| PB 0x000000072e400000| Untracked |  0
|  97|0x000000072e600000, 0x000000072e600000, 0x000000072e800000|  0%| F|  |TAMS 0x000000072e600000| PB 0x000000072e600000| Untracked |  0
|  98|0x000000072e800000, 0x000000072e800000, 0x000000072ea00000|  0%| F|  |TAMS 0x000000072e800000| PB 0x000000072e800000| Untracked |  0
|  99|0x000000072ea00000, 0x000000072ea00000, 0x000000072ec00000|  0%| F|  |TAMS 0x000000072ea00000| PB 0x000000072ea00000| Untracked |  0
| 100|0x000000072ec00000, 0x000000072ec00000, 0x000000072ee00000|  0%| F|  |TAMS 0x000000072ec00000| PB 0x000000072ec00000| Untracked |  0
| 101|0x000000072ee00000, 0x000000072ee00000, 0x000000072f000000|  0%| F|  |TAMS 0x000000072ee00000| PB 0x000000072ee00000| Untracked |  0
| 102|0x000000072f000000, 0x000000072f000000, 0x000000072f200000|  0%| F|  |TAMS 0x000000072f000000| PB 0x000000072f000000| Untracked |  0
| 103|0x000000072f200000, 0x000000072f200000, 0x000000072f400000|  0%| F|  |TAMS 0x000000072f200000| PB 0x000000072f200000| Untracked |  0
| 104|0x000000072f400000, 0x000000072f400000, 0x000000072f600000|  0%| F|  |TAMS 0x000000072f400000| PB 0x000000072f400000| Untracked |  0
| 105|0x000000072f600000, 0x000000072f600000, 0x000000072f800000|  0%| F|  |TAMS 0x000000072f600000| PB 0x000000072f600000| Untracked |  0
| 106|0x000000072f800000, 0x000000072f800000, 0x000000072fa00000|  0%| F|  |TAMS 0x000000072f800000| PB 0x000000072f800000| Untracked |  0
| 107|0x000000072fa00000, 0x000000072fa00000, 0x000000072fc00000|  0%| F|  |TAMS 0x000000072fa00000| PB 0x000000072fa00000| Untracked |  0
| 108|0x000000072fc00000, 0x000000072fc00000, 0x000000072fe00000|  0%| F|  |TAMS 0x000000072fc00000| PB 0x000000072fc00000| Untracked |  0
| 109|0x000000072fe00000, 0x000000072fe00000, 0x0000000730000000|  0%| F|  |TAMS 0x000000072fe00000| PB 0x000000072fe00000| Untracked |  0
| 110|0x0000000730000000, 0x0000000730200000, 0x0000000730200000|100%| E|  |TAMS 0x0000000730000000| PB 0x0000000730000000| Complete |  0

Card table byte_map: [0x0000014577930000,0x0000014578020000] _byte_map_base: 0x000001457401e000

Marking Bits: (CMBitMap*) 0x0000014563f29c50
 Bits: [0x0000014578020000, 0x000001457b790000)

Polling page: 0x0000014563690000

Metaspace:

Usage:
  Non-class:      3.75 MB used.
      Class:    333.02 KB used.
       Both:      4.07 MB used.

Virtual space:
  Non-class space:       64.00 MB reserved,       3.75 MB (  6%) committed,  1 nodes.
      Class space:        1.00 GB reserved,     384.00 KB ( <1%) committed,  1 nodes.
             Both:        1.06 GB reserved,       4.12 MB ( <1%) committed. 

Chunk freelists:
   Non-Class:  12.00 MB
       Class:  15.62 MB
        Both:  27.62 MB

MaxMetaspaceSize: unlimited
CompressedClassSpaceSize: 1.00 GB
Initial GC threshold: 21.00 MB
Current GC threshold: 21.00 MB
CDS: off
 - commit_granule_bytes: 65536.
 - commit_granule_words: 8192.
 - virtual_space_node_default_size: 8388608.
 - enlarge_chunks_in_place: 1.
 - use_allocation_guard: 0.


Internal statistics:

num_allocs_failed_limit: 0.
num_arena_births: 2.
num_arena_deaths: 0.
num_vsnodes_births: 2.
num_vsnodes_deaths: 0.
num_space_committed: 66.
num_space_uncommitted: 0.
num_chunks_returned_to_freelist: 0.
num_chunks_taken_from_freelist: 4.
num_chunk_merges: 0.
num_chunk_splits: 2.
num_chunks_enlarged: 0.
num_inconsistent_stats: 0.

CodeHeap 'non-profiled nmethods': size=119168Kb used=16Kb max_used=16Kb free=119151Kb
 bounds [0x000001456f560000, 0x000001456f7d0000, 0x00000145769c0000]
CodeHeap 'profiled nmethods': size=119104Kb used=106Kb max_used=106Kb free=118997Kb
 bounds [0x00000145679c0000, 0x0000014567c30000, 0x000001456ee10000]
CodeHeap 'non-nmethods': size=7488Kb used=1744Kb max_used=1744Kb free=5743Kb
 bounds [0x000001456ee10000, 0x000001456f080000, 0x000001456f560000]
 total_blobs=395 nmethods=83 adapters=216
 compilation: enabled
              stopped_count=0, restarted_count=0
 full_count=0

Compilation events (20 events):
Event: 0.137 Thread 0x000001457e7b9ec0 nmethod 72 0x000001456f563590 code [0x000001456f563720, 0x000001456f5637f0]
Event: 0.137 Thread 0x000001457e7b9ec0   74       3       java.util.ImmutableCollections$Set12::iterator (9 bytes)
Event: 0.137 Thread 0x000001457e8aca20 nmethod 73 0x00000145679d7210 code [0x00000145679d73a0, 0x00000145679d7500]
Event: 0.137 Thread 0x000001457e8aca20   75       3       java.util.ImmutableCollections$Set12$1::<init> (32 bytes)
Event: 0.137 Thread 0x000001457e7b9ec0 nmethod 74 0x00000145679d7590 code [0x00000145679d7740, 0x00000145679d7a20]
Event: 0.137 Thread 0x000001457e8aca20 nmethod 75 0x00000145679d7b10 code [0x00000145679d7cc0, 0x00000145679d7ef8]
Event: 0.137 Thread 0x000001457e8aca20   77       1       java.lang.module.ModuleDescriptor$Exports::targets (5 bytes)
Event: 0.137 Thread 0x000001457e8aca20 nmethod 77 0x000001456f563c90 code [0x000001456f563e20, 0x000001456f563ef0]
Event: 0.137 Thread 0x000001457e8aca20   78       3       java.util.HashMap::<init> (11 bytes)
Event: 0.137 Thread 0x000001457e8aca20 nmethod 78 0x00000145679d8010 code [0x00000145679d81c0, 0x00000145679d8390]
Event: 0.137 Thread 0x000001457e8aca20   79       3       java.util.HashMap::resize (356 bytes)
Event: 0.138 Thread 0x000001457e8aca20 nmethod 79 0x00000145679d8490 code [0x00000145679d8720, 0x00000145679d99a0]
Event: 0.152 Thread 0x000001457e8aca20   80       1       java.util.ImmutableCollections$Set12::isEmpty (2 bytes)
Event: 0.152 Thread 0x000001457e8aca20 nmethod 80 0x000001456f563f90 code [0x000001456f564120, 0x000001456f5641e8]
Event: 0.154 Thread 0x000001457e8aca20   81       3       java.lang.StringUTF16::getChar (60 bytes)
Event: 0.155 Thread 0x000001457e8aca20 nmethod 81 0x00000145679d9e10 code [0x00000145679d9fa0, 0x00000145679da110]
Event: 0.155 Thread 0x000001457e8aca20   82       3       java.lang.Math::min (11 bytes)
Event: 0.155 Thread 0x000001457e8aca20 nmethod 82 0x00000145679da210 code [0x00000145679da3a0, 0x00000145679da4d8]
Event: 0.156 Thread 0x000001457e8aca20   83       3       java.lang.AbstractStringBuilder::ensureCapacityInternal (39 bytes)
Event: 0.156 Thread 0x000001457e8aca20 nmethod 83 0x00000145679da590 code [0x00000145679da740, 0x00000145679da978]

GC Heap History (0 events):
No events

Dll operation events (2 events):
Event: 0.015 Loaded shared library C:\Users\Noite\.p2\pool\plugins\org.eclipse.justj.openjdk.hotspot.jre.full.win32.x86_64_22.0.2.v20240802-1626\jre\bin\java.dll
Event: 0.023 Loaded shared library C:\Users\Noite\.p2\pool\plugins\org.eclipse.justj.openjdk.hotspot.jre.full.win32.x86_64_22.0.2.v20240802-1626\jre\bin\zip.dll

Deoptimization events (0 events):
No events

Classes loaded (20 events):
Event: 0.158 Loading class jdk/internal/ref/CleanerFactory done
Event: 0.158 Loading class jdk/internal/ref/CleanerFactory$1
Event: 0.158 Loading class java/util/concurrent/ThreadFactory
Event: 0.158 Loading class java/util/concurrent/ThreadFactory done
Event: 0.158 Loading class jdk/internal/ref/CleanerFactory$1 done
Event: 0.158 Loading class java/lang/ref/Cleaner
Event: 0.158 Loading class java/lang/ref/Cleaner done
Event: 0.158 Loading class java/lang/ref/Cleaner$1
Event: 0.158 Loading class java/lang/ref/Cleaner$1 done
Event: 0.158 Loading class jdk/internal/ref/CleanerImpl
Event: 0.158 Loading class jdk/internal/ref/CleanerImpl done
Event: 0.158 Loading class jdk/internal/ref/CleanerImpl$PhantomCleanableRef
Event: 0.158 Loading class jdk/internal/ref/CleanerImpl$PhantomCleanableRef done
Event: 0.158 Loading class jdk/internal/ref/CleanerImpl$CleanerCleanable
Event: 0.159 Loading class jdk/internal/ref/CleanerImpl$CleanerCleanable done
Event: 0.159 Loading class jdk/internal/misc/InnocuousThread
Event: 0.159 Loading class jdk/internal/misc/InnocuousThread done
Event: 0.159 Loading class java/lang/ExceptionInInitializerError
Event: 0.159 Loading class java/lang/ExceptionInInitializerError done
Event: 0.159 Loading class java/lang/StackTraceElement$HashedModules

Classes unloaded (0 events):
No events

Classes redefined (0 events):
No events

Internal exceptions (1 events):
Event: 0.159 Thread 0x0000014561bdda10 Exception <a 'java/lang/OutOfMemoryError'{0x00000007301fdcf0}: unable to create native thread: possibly out of memory or process/resource limits reached> (0x00000007301fdcf0) 
thrown [s\src\hotspot\share\prims\jvm.cpp, line 3032]

ZGC Phase Switch (0 events):
No events

VM Operations (0 events):
No events

Memory protections (0 events):
No events

Nmethod flushes (0 events):
No events

Events (11 events):
Event: 0.022 Thread 0x0000014561bdda10 Thread added: 0x0000014561bdda10
Event: 0.094 Thread 0x0000014561bdda10 Thread added: 0x000001457e8a6a90
Event: 0.094 Thread 0x0000014561bdda10 Thread added: 0x000001457e8a7230
Event: 0.095 Thread 0x0000014561bdda10 Thread added: 0x000001457e8c2f50
Event: 0.095 Thread 0x0000014561bdda10 Thread added: 0x000001457e8c64b0
Event: 0.095 Thread 0x0000014561bdda10 Thread added: 0x000001457e8c6f10
Event: 0.095 Thread 0x0000014561bdda10 Thread added: 0x000001457e8d1e80
Event: 0.095 Thread 0x0000014561bdda10 Thread added: 0x000001457e8d24f0
Event: 0.096 Thread 0x0000014561bdda10 Thread added: 0x000001457e8aca20
Event: 0.128 Thread 0x000001457e8aca20 Thread added: 0x000001457e7b9ec0
Event: 0.153 Thread 0x0000014561bdda10 Thread added: 0x000001457ea7bea0


Dynamic libraries:
0x00007ff6993a0000 - 0x00007ff6993ae000 	C:\Users\Noite\.p2\pool\plugins\org.eclipse.justj.openjdk.hotspot.jre.full.win32.x86_64_22.0.2.v20240802-1626\jre\bin\javaw.exe
0x00007fff7f030000 - 0x00007fff7f247000 	C:\WINDOWS\SYSTEM32\ntdll.dll
0x00007fff7db20000 - 0x00007fff7dbe4000 	C:\WINDOWS\System32\KERNEL32.DLL
0x00007fff7c350000 - 0x00007fff7c6fd000 	C:\WINDOWS\System32\KERNELBASE.dll
0x00007fff7c770000 - 0x00007fff7c881000 	C:\WINDOWS\System32\ucrtbase.dll
0x00007fff6f3c0000 - 0x00007fff6f3d7000 	C:\Users\Noite\.p2\pool\plugins\org.eclipse.justj.openjdk.hotspot.jre.full.win32.x86_64_22.0.2.v20240802-1626\jre\bin\jli.dll
0x00007fff7d400000 - 0x00007fff7d5ae000 	C:\WINDOWS\System32\USER32.dll
0x00007fff7c890000 - 0x00007fff7c8b6000 	C:\WINDOWS\System32\win32u.dll
0x00007fff7d650000 - 0x00007fff7d679000 	C:\WINDOWS\System32\GDI32.dll
0x00007fff7ca00000 - 0x00007fff7cb19000 	C:\WINDOWS\System32\gdi32full.dll
0x00007fff7cb20000 - 0x00007fff7cbba000 	C:\WINDOWS\System32\msvcp_win.dll
0x00007fff5eb30000 - 0x00007fff5eb4b000 	C:\Users\Noite\.p2\pool\plugins\org.eclipse.justj.openjdk.hotspot.jre.full.win32.x86_64_22.0.2.v20240802-1626\jre\bin\VCRUNTIME140.dll
0x00007fff52260000 - 0x00007fff524f3000 	C:\WINDOWS\WinSxS\amd64_microsoft.windows.common-controls_6595b64144ccf1df_6.0.22621.3672_none_2713b9d173822955\COMCTL32.dll
0x00007fff7e0b0000 - 0x00007fff7e157000 	C:\WINDOWS\System32\msvcrt.dll
0x00007fff7d6b0000 - 0x00007fff7d6e1000 	C:\WINDOWS\System32\IMM32.DLL
0x00007fff6f400000 - 0x00007fff6f40c000 	C:\Users\Noite\.p2\pool\plugins\org.eclipse.justj.openjdk.hotspot.jre.full.win32.x86_64_22.0.2.v20240802-1626\jre\bin\vcruntime140_1.dll
0x00007fff3f0a0000 - 0x00007fff3f12e000 	C:\Users\Noite\.p2\pool\plugins\org.eclipse.justj.openjdk.hotspot.jre.full.win32.x86_64_22.0.2.v20240802-1626\jre\bin\msvcp140.dll
0x00007fff3bae0000 - 0x00007fff3c8a3000 	C:\Users\Noite\.p2\pool\plugins\org.eclipse.justj.openjdk.hotspot.jre.full.win32.x86_64_22.0.2.v20240802-1626\jre\bin\server\jvm.dll
0x00007fff7e3f0000 - 0x00007fff7e4a2000 	C:\WINDOWS\System32\ADVAPI32.dll
0x00007fff7ef30000 - 0x00007fff7efd9000 	C:\WINDOWS\System32\sechost.dll
0x00007fff7cbc0000 - 0x00007fff7cbe8000 	C:\WINDOWS\System32\bcrypt.dll
0x00007fff7df80000 - 0x00007fff7e094000 	C:\WINDOWS\System32\RPCRT4.dll
0x00007fff7e4b0000 - 0x00007fff7e521000 	C:\WINDOWS\System32\WS2_32.dll
0x00007fff7c220000 - 0x00007fff7c26d000 	C:\WINDOWS\SYSTEM32\POWRPROF.dll
0x00007fff756a0000 - 0x00007fff756d4000 	C:\WINDOWS\SYSTEM32\WINMM.dll
0x00007fff74f00000 - 0x00007fff74f0a000 	C:\WINDOWS\SYSTEM32\VERSION.dll
0x00007fff7c200000 - 0x00007fff7c213000 	C:\WINDOWS\SYSTEM32\UMPDC.dll
0x00007fff7b3a0000 - 0x00007fff7b3b8000 	C:\WINDOWS\SYSTEM32\kernel.appcore.dll
0x00007fff6f210000 - 0x00007fff6f21a000 	C:\Users\Noite\.p2\pool\plugins\org.eclipse.justj.openjdk.hotspot.jre.full.win32.x86_64_22.0.2.v20240802-1626\jre\bin\jimage.dll
0x00007fff79f20000 - 0x00007fff7a152000 	C:\WINDOWS\SYSTEM32\DBGHELP.DLL
0x00007fff7dbf0000 - 0x00007fff7df7e000 	C:\WINDOWS\System32\combase.dll
0x00007fff7e310000 - 0x00007fff7e3e7000 	C:\WINDOWS\System32\OLEAUT32.dll
0x00007fff6ff00000 - 0x00007fff6ff32000 	C:\WINDOWS\SYSTEM32\dbgcore.DLL
0x00007fff7c8c0000 - 0x00007fff7c93b000 	C:\WINDOWS\System32\bcryptPrimitives.dll
0x00007fff6f1d0000 - 0x00007fff6f1ee000 	C:\Users\Noite\.p2\pool\plugins\org.eclipse.justj.openjdk.hotspot.jre.full.win32.x86_64_22.0.2.v20240802-1626\jre\bin\java.dll
0x00007fff7e5e0000 - 0x00007fff7ee47000 	C:\WINDOWS\System32\SHELL32.dll
0x00007fff7d6f0000 - 0x00007fff7d895000 	C:\WINDOWS\System32\ole32.dll
0x00007fff6f1b0000 - 0x00007fff6f1c7000 	C:\Users\Noite\.p2\pool\plugins\org.eclipse.justj.openjdk.hotspot.jre.full.win32.x86_64_22.0.2.v20240802-1626\jre\bin\zip.dll
0x00007fff7a160000 - 0x00007fff7aa5f000 	C:\WINDOWS\SYSTEM32\windows.storage.dll
0x00007fff7aa90000 - 0x00007fff7abcf000 	C:\WINDOWS\SYSTEM32\wintypes.dll
0x00007fff7d8a0000 - 0x00007fff7d999000 	C:\WINDOWS\System32\SHCORE.dll
0x00007fff7eed0000 - 0x00007fff7ef2e000 	C:\WINDOWS\System32\shlwapi.dll
0x00007fff7c280000 - 0x00007fff7c2a7000 	C:\WINDOWS\SYSTEM32\profapi.dll

dbghelp: loaded successfully - version: 4.0.5 - missing functions: none
symbol engine: initialized successfully - sym options: 0x614 - pdb path: .;C:\Users\Noite\.p2\pool\plugins\org.eclipse.justj.openjdk.hotspot.jre.full.win32.x86_64_22.0.2.v20240802-1626\jre\bin;C:\WINDOWS\SYSTEM32;C:\WINDOWS\WinSxS\amd64_microsoft.windows.common-controls_6595b64144ccf1df_6.0.22621.3672_none_2713b9d173822955;C:\Users\Noite\.p2\pool\plugins\org.eclipse.justj.openjdk.hotspot.jre.full.win32.x86_64_22.0.2.v20240802-1626\jre\bin\server

VM Arguments:
jvm_args: -Dfile.encoding=UTF-8 -Dstdout.encoding=UTF-8 -Dstderr.encoding=UTF-8 -XX:+ShowCodeDetailsInExceptionMessages 
java_command: javaCurso2024.Laboratorio2
java_class_path (initial): C:\Users\Noite\eclipse-workspace\javaCurso2024\bin
Launcher Type: SUN_STANDARD

[Global flags]
     intx CICompilerCount                          = 12                                        {product} {ergonomic}
     uint ConcGCThreads                            = 3                                         {product} {ergonomic}
     uint G1ConcRefinementThreads                  = 13                                        {product} {ergonomic}
   size_t G1HeapRegionSize                         = 2097152                                   {product} {ergonomic}
   size_t InitialHeapSize                          = 232783872                                 {product} {ergonomic}
   size_t MarkStackSize                            = 4194304                                   {product} {ergonomic}
   size_t MaxHeapSize                              = 3720347648                                {product} {ergonomic}
   size_t MaxNewSize                               = 2231369728                                {product} {ergonomic}
   size_t MinHeapDeltaBytes                        = 2097152                                   {product} {ergonomic}
   size_t MinHeapSize                              = 8388608                                   {product} {ergonomic}
    uintx NonNMethodCodeHeapSize                   = 7602480                                {pd product} {ergonomic}
    uintx NonProfiledCodeHeapSize                  = 122027880                              {pd product} {ergonomic}
    uintx ProfiledCodeHeapSize                     = 122027880                              {pd product} {ergonomic}
    uintx ReservedCodeCacheSize                    = 251658240                              {pd product} {ergonomic}
     bool SegmentedCodeCache                       = true                                      {product} {ergonomic}
     bool ShowCodeDetailsInExceptionMessages       = true                                   {manageable} {command line}
   size_t SoftMaxHeapSize                          = 3720347648                             {manageable} {ergonomic}
     bool UseCompressedOops                        = true                           {product lp64_product} {ergonomic}
     bool UseG1GC                                  = true                                      {product} {ergonomic}
     bool UseLargePagesIndividualAllocation        = false                                  {pd product} {ergonomic}

Logging:
Log output configuration:
 #0: stdout all=warning uptime,level,tags foldmultilines=false
 #1: stderr all=off uptime,level,tags foldmultilines=false

Environment Variables:
PATH=C:/Users/Noite/.p2/pool/plugins/org.eclipse.justj.openjdk.hotspot.jre.full.win32.x86_64_22.0.2.v20240802-1626/jre/bin/server;C:/Users/Noite/.p2/pool/plugins/org.eclipse.justj.openjdk.hotspot.jre.full.win32.x86_64_22.0.2.v20240802-1626/jre/bin;C:\Program Files\Common Files\Oracle\Java\javapath;C:\Program Files (x86)\Common Files\Oracle\Java\javapath;C:\Windows\system32;C:\Windows;C:\Windows\System32\Wbem;C:\Windows\System32\WindowsPowerShell\v1.0\;C:\Windows\System32\OpenSSH\;C:\Program Files (x86)\NVIDIA Corporation\PhysX\Common;C:\Program Files\dotnet\;C:\Program Files\NVIDIA Corporation\NVIDIA NvDLISR;C:\WINDOWS\system32;C:\WINDOWS;C:\WINDOWS\System32\Wbem;C:\WINDOWS\System32\WindowsPowerShell\v1.0\;C:\WINDOWS\System32\OpenSSH\;C:\Program Files\nodejs\;C:\gradle\gradle-7.6.3;C:\Users\Noite\AppData\Local\Microsoft\WindowsApps;C:\Users\Noite\AppData\Local\Programs\Microsoft VS Code\bin;C:\Users\Noite\AppData\Roaming\npm;C:\Users\Noite\AppData\Local\Programs\Git\cmd;C:\Users\Noite\Desktop;
USERNAME=Noite
OS=Windows_NT
PROCESSOR_IDENTIFIER=AMD64 Family 25 Model 80 Stepping 0, AuthenticAMD
TMP=C:\Users\Noite\AppData\Local\Temp
TEMP=C:\Users\Noite\AppData\Local\Temp




Periodic native trim disabled

---------------  S Y S T E M  ---------------

OS:
 Windows 11 , 64 bit Build 22621 (10.0.22621.3958)
OS uptime: 10 days 5:08 hours

CPU: total 16 (initial active 16) (16 cores per cpu, 2 threads per core) family 25 model 80 stepping 0 microcode 0x0, cx8, cmov, fxsr, ht, mmx, 3dnowpref, sse, sse2, sse3, ssse3, sse4a, sse4.1, sse4.2, popcnt, lzcnt, tsc, tscinvbit, avx, avx2, aes, erms, clmul, bmi1, bmi2, adx, sha, fma, vzeroupper, clflush, clflushopt, rdtscp, rdpid, fsrm, f16c, pku, cet_ss
Processor Information for processor 0
  Max Mhz: 3201, Current Mhz: 3201, Mhz Limit: 3201
Processor Information for processor 1
  Max Mhz: 3201, Current Mhz: 3201, Mhz Limit: 3201
Processor Information for processor 2
  Max Mhz: 3201, Current Mhz: 3201, Mhz Limit: 3201
Processor Information for processor 3
  Max Mhz: 3201, Current Mhz: 3201, Mhz Limit: 3201
Processor Information for processor 4
  Max Mhz: 3201, Current Mhz: 3201, Mhz Limit: 3201
Processor Information for processor 5
  Max Mhz: 3201, Current Mhz: 3201, Mhz Limit: 3201
Processor Information for processor 6
  Max Mhz: 3201, Current Mhz: 3201, Mhz Limit: 3201
Processor Information for processor 7
  Max Mhz: 3201, Current Mhz: 3201, Mhz Limit: 3201
Processor Information for processor 8
  Max Mhz: 3201, Current Mhz: 2555, Mhz Limit: 3201
Processor Information for processor 9
  Max Mhz: 3201, Current Mhz: 3201, Mhz Limit: 3201
Processor Information for processor 10
  Max Mhz: 3201, Current Mhz: 3201, Mhz Limit: 3201
Processor Information for processor 11
  Max Mhz: 3201, Current Mhz: 3201, Mhz Limit: 3201
Processor Information for processor 12
  Max Mhz: 3201, Current Mhz: 3201, Mhz Limit: 3201
Processor Information for processor 13
  Max Mhz: 3201, Current Mhz: 3201, Mhz Limit: 3201
Processor Information for processor 14
  Max Mhz: 3201, Current Mhz: 2555, Mhz Limit: 3201
Processor Information for processor 15
  Max Mhz: 3201, Current Mhz: 3201, Mhz Limit: 3201

Memory: 4k page, system-wide physical 14188M (2633M free)
TotalPageFile size 57196M (AvailPageFile size 1829M)
current process WorkingSet (physical memory assigned to process): 31M, peak: 31M
current process commit charge ("private bytes"): 307M, peak: 307M

vm_info: OpenJDK 64-Bit Server VM (22.0.2+9) for windows-amd64 JRE (22.0.2+9), built on 2024-07-16T00:00:00Z by "admin" with MS VC++ 17.7 (VS2022)

END.
